[32m2025-03-02 16:30:48 -0500[0m - dagster - [34mDEBUG[0m - __ASSET_JOB - ef3791f9-93a5-4327-959b-4c3ae1f2f2f1 - 1634135 - LOGS_CAPTURED - Started capturing logs in process (pid: 1634135).
[32m2025-03-02 16:30:48 -0500[0m - dagster - [34mDEBUG[0m - __ASSET_JOB - ef3791f9-93a5-4327-959b-4c3ae1f2f2f1 - 1634135 - nyc_threeoneone_requests - STEP_START - Started execution of step "nyc_threeoneone_requests".
[32m2025-03-02 16:30:48 -0500[0m - dagster - [34mINFO[0m - __ASSET_JOB - ef3791f9-93a5-4327-959b-4c3ae1f2f2f1 - nyc_threeoneone_requests - 🚀 Fetching data for 2010-01...
[32m2025-03-02 16:31:03 -0500[0m - dagster - [34mINFO[0m - __ASSET_JOB - ef3791f9-93a5-4327-959b-4c3ae1f2f2f1 - nyc_threeoneone_requests - Writing batch 1 (187735 rows) to /home/christiandata/socrata-backfill-datasets/data/opendata/nyc_threeoneone_requests/year=2010/month=01/nyc_threeoneone_requests_201001_1.parquet
[32m2025-03-02 16:31:04 -0500[0m - dagster - [34mINFO[0m - __ASSET_JOB - ef3791f9-93a5-4327-959b-4c3ae1f2f2f1 - nyc_threeoneone_requests - 💾 Saved batch 1 for 2010-01.
[32m2025-03-02 16:31:05 -0500[0m - dagster - [34mINFO[0m - __ASSET_JOB - ef3791f9-93a5-4327-959b-4c3ae1f2f2f1 - nyc_threeoneone_requests - ✅ No more data for 2010-01, offset=500000.
[32m2025-03-02 16:31:05 -0500[0m - dagster - [34mINFO[0m - __ASSET_JOB - ef3791f9-93a5-4327-959b-4c3ae1f2f2f1 - nyc_threeoneone_requests - 🚀 Fetching data for 2010-02...
[32m2025-03-02 16:31:24 -0500[0m - dagster - [34mINFO[0m - __ASSET_JOB - ef3791f9-93a5-4327-959b-4c3ae1f2f2f1 - nyc_threeoneone_requests - Writing batch 1 (164427 rows) to /home/christiandata/socrata-backfill-datasets/data/opendata/nyc_threeoneone_requests/year=2010/month=02/nyc_threeoneone_requests_201002_1.parquet
[32m2025-03-02 16:31:24 -0500[0m - dagster - [34mINFO[0m - __ASSET_JOB - ef3791f9-93a5-4327-959b-4c3ae1f2f2f1 - nyc_threeoneone_requests - 💾 Saved batch 1 for 2010-02.
[32m2025-03-02 16:31:25 -0500[0m - dagster - [34mINFO[0m - __ASSET_JOB - ef3791f9-93a5-4327-959b-4c3ae1f2f2f1 - nyc_threeoneone_requests - ✅ No more data for 2010-02, offset=500000.
[32m2025-03-02 16:31:25 -0500[0m - dagster - [34mINFO[0m - __ASSET_JOB - ef3791f9-93a5-4327-959b-4c3ae1f2f2f1 - nyc_threeoneone_requests - 🚀 Fetching data for 2010-03...
[32m2025-03-02 16:31:41 -0500[0m - dagster - [34mINFO[0m - __ASSET_JOB - ef3791f9-93a5-4327-959b-4c3ae1f2f2f1 - nyc_threeoneone_requests - Writing batch 1 (205039 rows) to /home/christiandata/socrata-backfill-datasets/data/opendata/nyc_threeoneone_requests/year=2010/month=03/nyc_threeoneone_requests_201003_1.parquet
[32m2025-03-02 16:31:41 -0500[0m - dagster - [34mINFO[0m - __ASSET_JOB - ef3791f9-93a5-4327-959b-4c3ae1f2f2f1 - nyc_threeoneone_requests - 💾 Saved batch 1 for 2010-03.
[32m2025-03-02 16:31:42 -0500[0m - dagster - [34mINFO[0m - __ASSET_JOB - ef3791f9-93a5-4327-959b-4c3ae1f2f2f1 - nyc_threeoneone_requests - ✅ No more data for 2010-03, offset=500000.
[32m2025-03-02 16:31:42 -0500[0m - dagster - [34mINFO[0m - __ASSET_JOB - ef3791f9-93a5-4327-959b-4c3ae1f2f2f1 - nyc_threeoneone_requests - 🚀 Fetching data for 2010-04...
[32m2025-03-02 16:32:07 -0500[0m - dagster - [34mINFO[0m - __ASSET_JOB - ef3791f9-93a5-4327-959b-4c3ae1f2f2f1 - nyc_threeoneone_requests - Writing batch 1 (168875 rows) to /home/christiandata/socrata-backfill-datasets/data/opendata/nyc_threeoneone_requests/year=2010/month=04/nyc_threeoneone_requests_201004_1.parquet
[32m2025-03-02 16:32:07 -0500[0m - dagster - [34mINFO[0m - __ASSET_JOB - ef3791f9-93a5-4327-959b-4c3ae1f2f2f1 - nyc_threeoneone_requests - 💾 Saved batch 1 for 2010-04.
[32m2025-03-02 16:32:08 -0500[0m - dagster - [34mINFO[0m - __ASSET_JOB - ef3791f9-93a5-4327-959b-4c3ae1f2f2f1 - nyc_threeoneone_requests - ✅ No more data for 2010-04, offset=500000.
[32m2025-03-02 16:32:08 -0500[0m - dagster - [34mINFO[0m - __ASSET_JOB - ef3791f9-93a5-4327-959b-4c3ae1f2f2f1 - nyc_threeoneone_requests - 🚀 Fetching data for 2010-05...
[32m2025-03-02 16:32:57 -0500[0m - dagster - [34mINFO[0m - __ASSET_JOB - ef3791f9-93a5-4327-959b-4c3ae1f2f2f1 - nyc_threeoneone_requests - Writing batch 1 (163173 rows) to /home/christiandata/socrata-backfill-datasets/data/opendata/nyc_threeoneone_requests/year=2010/month=05/nyc_threeoneone_requests_201005_1.parquet
[32m2025-03-02 16:32:57 -0500[0m - dagster - [34mINFO[0m - __ASSET_JOB - ef3791f9-93a5-4327-959b-4c3ae1f2f2f1 - nyc_threeoneone_requests - 💾 Saved batch 1 for 2010-05.
[32m2025-03-02 16:32:58 -0500[0m - dagster - [34mINFO[0m - __ASSET_JOB - ef3791f9-93a5-4327-959b-4c3ae1f2f2f1 - nyc_threeoneone_requests - ✅ No more data for 2010-05, offset=500000.
[32m2025-03-02 16:32:58 -0500[0m - dagster - [34mINFO[0m - __ASSET_JOB - ef3791f9-93a5-4327-959b-4c3ae1f2f2f1 - nyc_threeoneone_requests - 🚀 Fetching data for 2010-06...
[32m2025-03-02 16:33:11 -0500[0m - dagster - [34mINFO[0m - __ASSET_JOB - ef3791f9-93a5-4327-959b-4c3ae1f2f2f1 - nyc_threeoneone_requests - Writing batch 1 (163509 rows) to /home/christiandata/socrata-backfill-datasets/data/opendata/nyc_threeoneone_requests/year=2010/month=06/nyc_threeoneone_requests_201006_1.parquet
[32m2025-03-02 16:33:11 -0500[0m - dagster - [34mINFO[0m - __ASSET_JOB - ef3791f9-93a5-4327-959b-4c3ae1f2f2f1 - nyc_threeoneone_requests - 💾 Saved batch 1 for 2010-06.
[32m2025-03-02 16:33:12 -0500[0m - dagster - [34mINFO[0m - __ASSET_JOB - ef3791f9-93a5-4327-959b-4c3ae1f2f2f1 - nyc_threeoneone_requests - ✅ No more data for 2010-06, offset=500000.
[32m2025-03-02 16:33:12 -0500[0m - dagster - [34mINFO[0m - __ASSET_JOB - ef3791f9-93a5-4327-959b-4c3ae1f2f2f1 - nyc_threeoneone_requests - 🚀 Fetching data for 2010-07...
[32m2025-03-02 16:33:27 -0500[0m - dagster - [34mINFO[0m - __ASSET_JOB - ef3791f9-93a5-4327-959b-4c3ae1f2f2f1 - nyc_threeoneone_requests - Writing batch 1 (167818 rows) to /home/christiandata/socrata-backfill-datasets/data/opendata/nyc_threeoneone_requests/year=2010/month=07/nyc_threeoneone_requests_201007_1.parquet
[32m2025-03-02 16:33:28 -0500[0m - dagster - [34mINFO[0m - __ASSET_JOB - ef3791f9-93a5-4327-959b-4c3ae1f2f2f1 - nyc_threeoneone_requests - 💾 Saved batch 1 for 2010-07.
[32m2025-03-02 16:33:28 -0500[0m - dagster - [34mINFO[0m - __ASSET_JOB - ef3791f9-93a5-4327-959b-4c3ae1f2f2f1 - nyc_threeoneone_requests - ✅ No more data for 2010-07, offset=500000.
[32m2025-03-02 16:33:28 -0500[0m - dagster - [34mINFO[0m - __ASSET_JOB - ef3791f9-93a5-4327-959b-4c3ae1f2f2f1 - nyc_threeoneone_requests - 🚀 Fetching data for 2010-08...
[32m2025-03-02 16:33:41 -0500[0m - dagster - [34mINFO[0m - __ASSET_JOB - ef3791f9-93a5-4327-959b-4c3ae1f2f2f1 - nyc_threeoneone_requests - Writing batch 1 (160564 rows) to /home/christiandata/socrata-backfill-datasets/data/opendata/nyc_threeoneone_requests/year=2010/month=08/nyc_threeoneone_requests_201008_1.parquet
[32m2025-03-02 16:33:42 -0500[0m - dagster - [34mINFO[0m - __ASSET_JOB - ef3791f9-93a5-4327-959b-4c3ae1f2f2f1 - nyc_threeoneone_requests - 💾 Saved batch 1 for 2010-08.
[32m2025-03-02 16:33:42 -0500[0m - dagster - [34mINFO[0m - __ASSET_JOB - ef3791f9-93a5-4327-959b-4c3ae1f2f2f1 - nyc_threeoneone_requests - ✅ No more data for 2010-08, offset=500000.
[32m2025-03-02 16:33:42 -0500[0m - dagster - [34mINFO[0m - __ASSET_JOB - ef3791f9-93a5-4327-959b-4c3ae1f2f2f1 - nyc_threeoneone_requests - 🚀 Fetching data for 2010-09...
[32m2025-03-02 16:34:01 -0500[0m - dagster - [34mINFO[0m - __ASSET_JOB - ef3791f9-93a5-4327-959b-4c3ae1f2f2f1 - nyc_threeoneone_requests - Writing batch 1 (165501 rows) to /home/christiandata/socrata-backfill-datasets/data/opendata/nyc_threeoneone_requests/year=2010/month=09/nyc_threeoneone_requests_201009_1.parquet
[32m2025-03-02 16:34:02 -0500[0m - dagster - [34mINFO[0m - __ASSET_JOB - ef3791f9-93a5-4327-959b-4c3ae1f2f2f1 - nyc_threeoneone_requests - 💾 Saved batch 1 for 2010-09.
[32m2025-03-02 16:34:04 -0500[0m - dagster - [34mINFO[0m - __ASSET_JOB - ef3791f9-93a5-4327-959b-4c3ae1f2f2f1 - nyc_threeoneone_requests - ✅ No more data for 2010-09, offset=500000.
[32m2025-03-02 16:34:04 -0500[0m - dagster - [34mINFO[0m - __ASSET_JOB - ef3791f9-93a5-4327-959b-4c3ae1f2f2f1 - nyc_threeoneone_requests - 🚀 Fetching data for 2010-10...
[32m2025-03-02 16:34:17 -0500[0m - dagster - [34mINFO[0m - __ASSET_JOB - ef3791f9-93a5-4327-959b-4c3ae1f2f2f1 - nyc_threeoneone_requests - Writing batch 1 (174643 rows) to /home/christiandata/socrata-backfill-datasets/data/opendata/nyc_threeoneone_requests/year=2010/month=10/nyc_threeoneone_requests_201010_1.parquet
[32m2025-03-02 16:34:17 -0500[0m - dagster - [34mINFO[0m - __ASSET_JOB - ef3791f9-93a5-4327-959b-4c3ae1f2f2f1 - nyc_threeoneone_requests - 💾 Saved batch 1 for 2010-10.
[32m2025-03-02 16:34:18 -0500[0m - dagster - [34mINFO[0m - __ASSET_JOB - ef3791f9-93a5-4327-959b-4c3ae1f2f2f1 - nyc_threeoneone_requests - ✅ No more data for 2010-10, offset=500000.
[32m2025-03-02 16:34:18 -0500[0m - dagster - [34mINFO[0m - __ASSET_JOB - ef3791f9-93a5-4327-959b-4c3ae1f2f2f1 - nyc_threeoneone_requests - 🚀 Fetching data for 2010-11...
[32m2025-03-02 16:34:47 -0500[0m - dagster - [34mINFO[0m - __ASSET_JOB - ef3791f9-93a5-4327-959b-4c3ae1f2f2f1 - nyc_threeoneone_requests - Writing batch 1 (181244 rows) to /home/christiandata/socrata-backfill-datasets/data/opendata/nyc_threeoneone_requests/year=2010/month=11/nyc_threeoneone_requests_201011_1.parquet
[32m2025-03-02 16:34:47 -0500[0m - dagster - [34mINFO[0m - __ASSET_JOB - ef3791f9-93a5-4327-959b-4c3ae1f2f2f1 - nyc_threeoneone_requests - 💾 Saved batch 1 for 2010-11.
[32m2025-03-02 16:34:49 -0500[0m - dagster - [34mINFO[0m - __ASSET_JOB - ef3791f9-93a5-4327-959b-4c3ae1f2f2f1 - nyc_threeoneone_requests - ✅ No more data for 2010-11, offset=500000.
[32m2025-03-02 16:34:49 -0500[0m - dagster - [34mINFO[0m - __ASSET_JOB - ef3791f9-93a5-4327-959b-4c3ae1f2f2f1 - nyc_threeoneone_requests - 🚀 Fetching data for 2010-12...
[32m2025-03-02 16:35:02 -0500[0m - dagster - [34mINFO[0m - __ASSET_JOB - ef3791f9-93a5-4327-959b-4c3ae1f2f2f1 - nyc_threeoneone_requests - Writing batch 1 (187262 rows) to /home/christiandata/socrata-backfill-datasets/data/opendata/nyc_threeoneone_requests/year=2010/month=12/nyc_threeoneone_requests_201012_1.parquet
[32m2025-03-02 16:35:03 -0500[0m - dagster - [34mINFO[0m - __ASSET_JOB - ef3791f9-93a5-4327-959b-4c3ae1f2f2f1 - nyc_threeoneone_requests - 💾 Saved batch 1 for 2010-12.
[32m2025-03-02 16:35:04 -0500[0m - dagster - [34mINFO[0m - __ASSET_JOB - ef3791f9-93a5-4327-959b-4c3ae1f2f2f1 - nyc_threeoneone_requests - ✅ No more data for 2010-12, offset=500000.
[32m2025-03-02 16:35:04 -0500[0m - dagster - [34mINFO[0m - __ASSET_JOB - ef3791f9-93a5-4327-959b-4c3ae1f2f2f1 - nyc_threeoneone_requests - 🚀 Fetching data for 2011-01...
[32m2025-03-02 16:35:50 -0500[0m - dagster - [34mINFO[0m - __ASSET_JOB - ef3791f9-93a5-4327-959b-4c3ae1f2f2f1 - nyc_threeoneone_requests - Writing batch 1 (181980 rows) to /home/christiandata/socrata-backfill-datasets/data/opendata/nyc_threeoneone_requests/year=2011/month=01/nyc_threeoneone_requests_201101_1.parquet
[32m2025-03-02 16:35:50 -0500[0m - dagster - [34mINFO[0m - __ASSET_JOB - ef3791f9-93a5-4327-959b-4c3ae1f2f2f1 - nyc_threeoneone_requests - 💾 Saved batch 1 for 2011-01.
[32m2025-03-02 16:35:51 -0500[0m - dagster - [34mINFO[0m - __ASSET_JOB - ef3791f9-93a5-4327-959b-4c3ae1f2f2f1 - nyc_threeoneone_requests - ✅ No more data for 2011-01, offset=500000.
[32m2025-03-02 16:35:51 -0500[0m - dagster - [34mINFO[0m - __ASSET_JOB - ef3791f9-93a5-4327-959b-4c3ae1f2f2f1 - nyc_threeoneone_requests - 🚀 Fetching data for 2011-02...
[32m2025-03-02 16:36:32 -0500[0m - dagster - [34mINFO[0m - __ASSET_JOB - ef3791f9-93a5-4327-959b-4c3ae1f2f2f1 - nyc_threeoneone_requests - Writing batch 1 (168304 rows) to /home/christiandata/socrata-backfill-datasets/data/opendata/nyc_threeoneone_requests/year=2011/month=02/nyc_threeoneone_requests_201102_1.parquet
[32m2025-03-02 16:36:32 -0500[0m - dagster - [34mINFO[0m - __ASSET_JOB - ef3791f9-93a5-4327-959b-4c3ae1f2f2f1 - nyc_threeoneone_requests - 💾 Saved batch 1 for 2011-02.
[32m2025-03-02 16:36:33 -0500[0m - dagster - [34mINFO[0m - __ASSET_JOB - ef3791f9-93a5-4327-959b-4c3ae1f2f2f1 - nyc_threeoneone_requests - ✅ No more data for 2011-02, offset=500000.
[32m2025-03-02 16:36:33 -0500[0m - dagster - [34mINFO[0m - __ASSET_JOB - ef3791f9-93a5-4327-959b-4c3ae1f2f2f1 - nyc_threeoneone_requests - 🚀 Fetching data for 2011-03...
[32m2025-03-02 16:36:49 -0500[0m - dagster - [34mINFO[0m - __ASSET_JOB - ef3791f9-93a5-4327-959b-4c3ae1f2f2f1 - nyc_threeoneone_requests - Writing batch 1 (182650 rows) to /home/christiandata/socrata-backfill-datasets/data/opendata/nyc_threeoneone_requests/year=2011/month=03/nyc_threeoneone_requests_201103_1.parquet
[32m2025-03-02 16:36:50 -0500[0m - dagster - [34mINFO[0m - __ASSET_JOB - ef3791f9-93a5-4327-959b-4c3ae1f2f2f1 - nyc_threeoneone_requests - 💾 Saved batch 1 for 2011-03.
[32m2025-03-02 16:36:50 -0500[0m - dagster - [34mINFO[0m - __ASSET_JOB - ef3791f9-93a5-4327-959b-4c3ae1f2f2f1 - nyc_threeoneone_requests - ✅ No more data for 2011-03, offset=500000.
[32m2025-03-02 16:36:50 -0500[0m - dagster - [34mINFO[0m - __ASSET_JOB - ef3791f9-93a5-4327-959b-4c3ae1f2f2f1 - nyc_threeoneone_requests - 🚀 Fetching data for 2011-04...
[32m2025-03-02 16:37:13 -0500[0m - dagster - [34mINFO[0m - __ASSET_JOB - ef3791f9-93a5-4327-959b-4c3ae1f2f2f1 - nyc_threeoneone_requests - Writing batch 1 (155245 rows) to /home/christiandata/socrata-backfill-datasets/data/opendata/nyc_threeoneone_requests/year=2011/month=04/nyc_threeoneone_requests_201104_1.parquet
[32m2025-03-02 16:37:13 -0500[0m - dagster - [34mINFO[0m - __ASSET_JOB - ef3791f9-93a5-4327-959b-4c3ae1f2f2f1 - nyc_threeoneone_requests - 💾 Saved batch 1 for 2011-04.
[32m2025-03-02 16:37:13 -0500[0m - dagster - [34mINFO[0m - __ASSET_JOB - ef3791f9-93a5-4327-959b-4c3ae1f2f2f1 - nyc_threeoneone_requests - ✅ No more data for 2011-04, offset=500000.
[32m2025-03-02 16:37:13 -0500[0m - dagster - [34mINFO[0m - __ASSET_JOB - ef3791f9-93a5-4327-959b-4c3ae1f2f2f1 - nyc_threeoneone_requests - 🚀 Fetching data for 2011-05...
[32m2025-03-02 16:37:30 -0500[0m - dagster - [34mINFO[0m - __ASSET_JOB - ef3791f9-93a5-4327-959b-4c3ae1f2f2f1 - nyc_threeoneone_requests - Writing batch 1 (156136 rows) to /home/christiandata/socrata-backfill-datasets/data/opendata/nyc_threeoneone_requests/year=2011/month=05/nyc_threeoneone_requests_201105_1.parquet
[32m2025-03-02 16:37:30 -0500[0m - dagster - [34mINFO[0m - __ASSET_JOB - ef3791f9-93a5-4327-959b-4c3ae1f2f2f1 - nyc_threeoneone_requests - 💾 Saved batch 1 for 2011-05.
[32m2025-03-02 16:37:34 -0500[0m - dagster - [34mINFO[0m - __ASSET_JOB - ef3791f9-93a5-4327-959b-4c3ae1f2f2f1 - nyc_threeoneone_requests - ✅ No more data for 2011-05, offset=500000.
[32m2025-03-02 16:37:34 -0500[0m - dagster - [34mINFO[0m - __ASSET_JOB - ef3791f9-93a5-4327-959b-4c3ae1f2f2f1 - nyc_threeoneone_requests - 🚀 Fetching data for 2011-06...
[32m2025-03-02 16:38:24 -0500[0m - dagster - [34mINFO[0m - __ASSET_JOB - ef3791f9-93a5-4327-959b-4c3ae1f2f2f1 - nyc_threeoneone_requests - Writing batch 1 (163588 rows) to /home/christiandata/socrata-backfill-datasets/data/opendata/nyc_threeoneone_requests/year=2011/month=06/nyc_threeoneone_requests_201106_1.parquet
[32m2025-03-02 16:38:25 -0500[0m - dagster - [34mINFO[0m - __ASSET_JOB - ef3791f9-93a5-4327-959b-4c3ae1f2f2f1 - nyc_threeoneone_requests - 💾 Saved batch 1 for 2011-06.
[32m2025-03-02 16:38:25 -0500[0m - dagster - [34mINFO[0m - __ASSET_JOB - ef3791f9-93a5-4327-959b-4c3ae1f2f2f1 - nyc_threeoneone_requests - ✅ No more data for 2011-06, offset=500000.
[32m2025-03-02 16:38:25 -0500[0m - dagster - [34mINFO[0m - __ASSET_JOB - ef3791f9-93a5-4327-959b-4c3ae1f2f2f1 - nyc_threeoneone_requests - 🚀 Fetching data for 2011-07...
[32m2025-03-02 16:38:39 -0500[0m - dagster - [34mINFO[0m - __ASSET_JOB - ef3791f9-93a5-4327-959b-4c3ae1f2f2f1 - nyc_threeoneone_requests - Writing batch 1 (160208 rows) to /home/christiandata/socrata-backfill-datasets/data/opendata/nyc_threeoneone_requests/year=2011/month=07/nyc_threeoneone_requests_201107_1.parquet
[32m2025-03-02 16:38:39 -0500[0m - dagster - [34mINFO[0m - __ASSET_JOB - ef3791f9-93a5-4327-959b-4c3ae1f2f2f1 - nyc_threeoneone_requests - 💾 Saved batch 1 for 2011-07.
[32m2025-03-02 16:38:40 -0500[0m - dagster - [34mINFO[0m - __ASSET_JOB - ef3791f9-93a5-4327-959b-4c3ae1f2f2f1 - nyc_threeoneone_requests - ✅ No more data for 2011-07, offset=500000.
[32m2025-03-02 16:38:40 -0500[0m - dagster - [34mINFO[0m - __ASSET_JOB - ef3791f9-93a5-4327-959b-4c3ae1f2f2f1 - nyc_threeoneone_requests - 🚀 Fetching data for 2011-08...
[32m2025-03-02 16:39:26 -0500[0m - dagster - [34mINFO[0m - __ASSET_JOB - ef3791f9-93a5-4327-959b-4c3ae1f2f2f1 - nyc_threeoneone_requests - Writing batch 1 (171250 rows) to /home/christiandata/socrata-backfill-datasets/data/opendata/nyc_threeoneone_requests/year=2011/month=08/nyc_threeoneone_requests_201108_1.parquet
[32m2025-03-02 16:39:26 -0500[0m - dagster - [34mINFO[0m - __ASSET_JOB - ef3791f9-93a5-4327-959b-4c3ae1f2f2f1 - nyc_threeoneone_requests - 💾 Saved batch 1 for 2011-08.
[32m2025-03-02 16:39:27 -0500[0m - dagster - [34mINFO[0m - __ASSET_JOB - ef3791f9-93a5-4327-959b-4c3ae1f2f2f1 - nyc_threeoneone_requests - ✅ No more data for 2011-08, offset=500000.
[32m2025-03-02 16:39:27 -0500[0m - dagster - [34mINFO[0m - __ASSET_JOB - ef3791f9-93a5-4327-959b-4c3ae1f2f2f1 - nyc_threeoneone_requests - 🚀 Fetching data for 2011-09...
[32m2025-03-02 16:39:38 -0500[0m - dagster - [34mINFO[0m - __ASSET_JOB - ef3791f9-93a5-4327-959b-4c3ae1f2f2f1 - nyc_threeoneone_requests - Writing batch 1 (166799 rows) to /home/christiandata/socrata-backfill-datasets/data/opendata/nyc_threeoneone_requests/year=2011/month=09/nyc_threeoneone_requests_201109_1.parquet
[32m2025-03-02 16:39:38 -0500[0m - dagster - [34mINFO[0m - __ASSET_JOB - ef3791f9-93a5-4327-959b-4c3ae1f2f2f1 - nyc_threeoneone_requests - 💾 Saved batch 1 for 2011-09.
[32m2025-03-02 16:39:39 -0500[0m - dagster - [34mINFO[0m - __ASSET_JOB - ef3791f9-93a5-4327-959b-4c3ae1f2f2f1 - nyc_threeoneone_requests - ✅ No more data for 2011-09, offset=500000.
[32m2025-03-02 16:39:39 -0500[0m - dagster - [34mINFO[0m - __ASSET_JOB - ef3791f9-93a5-4327-959b-4c3ae1f2f2f1 - nyc_threeoneone_requests - 🚀 Fetching data for 2011-10...
[32m2025-03-02 16:39:50 -0500[0m - dagster - [34mINFO[0m - __ASSET_JOB - ef3791f9-93a5-4327-959b-4c3ae1f2f2f1 - nyc_threeoneone_requests - Writing batch 1 (176034 rows) to /home/christiandata/socrata-backfill-datasets/data/opendata/nyc_threeoneone_requests/year=2011/month=10/nyc_threeoneone_requests_201110_1.parquet
[32m2025-03-02 16:39:51 -0500[0m - dagster - [34mINFO[0m - __ASSET_JOB - ef3791f9-93a5-4327-959b-4c3ae1f2f2f1 - nyc_threeoneone_requests - 💾 Saved batch 1 for 2011-10.
[32m2025-03-02 16:40:00 -0500[0m - dagster - [34mINFO[0m - __ASSET_JOB - ef3791f9-93a5-4327-959b-4c3ae1f2f2f1 - nyc_threeoneone_requests - ✅ No more data for 2011-10, offset=500000.
[32m2025-03-02 16:40:00 -0500[0m - dagster - [34mINFO[0m - __ASSET_JOB - ef3791f9-93a5-4327-959b-4c3ae1f2f2f1 - nyc_threeoneone_requests - 🚀 Fetching data for 2011-11...
[32m2025-03-02 16:40:13 -0500[0m - dagster - [34mINFO[0m - __ASSET_JOB - ef3791f9-93a5-4327-959b-4c3ae1f2f2f1 - nyc_threeoneone_requests - Writing batch 1 (164262 rows) to /home/christiandata/socrata-backfill-datasets/data/opendata/nyc_threeoneone_requests/year=2011/month=11/nyc_threeoneone_requests_201111_1.parquet
[32m2025-03-02 16:40:13 -0500[0m - dagster - [34mINFO[0m - __ASSET_JOB - ef3791f9-93a5-4327-959b-4c3ae1f2f2f1 - nyc_threeoneone_requests - 💾 Saved batch 1 for 2011-11.
[32m2025-03-02 16:40:19 -0500[0m - dagster - [34mINFO[0m - __ASSET_JOB - ef3791f9-93a5-4327-959b-4c3ae1f2f2f1 - nyc_threeoneone_requests - ✅ No more data for 2011-11, offset=500000.
[32m2025-03-02 16:40:19 -0500[0m - dagster - [34mINFO[0m - __ASSET_JOB - ef3791f9-93a5-4327-959b-4c3ae1f2f2f1 - nyc_threeoneone_requests - 🚀 Fetching data for 2011-12...
[32m2025-03-02 16:40:38 -0500[0m - dagster - [34mINFO[0m - __ASSET_JOB - ef3791f9-93a5-4327-959b-4c3ae1f2f2f1 - nyc_threeoneone_requests - Writing batch 1 (164720 rows) to /home/christiandata/socrata-backfill-datasets/data/opendata/nyc_threeoneone_requests/year=2011/month=12/nyc_threeoneone_requests_201112_1.parquet
[32m2025-03-02 16:40:38 -0500[0m - dagster - [34mINFO[0m - __ASSET_JOB - ef3791f9-93a5-4327-959b-4c3ae1f2f2f1 - nyc_threeoneone_requests - 💾 Saved batch 1 for 2011-12.
[32m2025-03-02 16:40:39 -0500[0m - dagster - [34mINFO[0m - __ASSET_JOB - ef3791f9-93a5-4327-959b-4c3ae1f2f2f1 - nyc_threeoneone_requests - ✅ No more data for 2011-12, offset=500000.
[32m2025-03-02 16:40:39 -0500[0m - dagster - [34mINFO[0m - __ASSET_JOB - ef3791f9-93a5-4327-959b-4c3ae1f2f2f1 - nyc_threeoneone_requests - 🚀 Fetching data for 2012-01...
[32m2025-03-02 16:40:52 -0500[0m - dagster - [34mINFO[0m - __ASSET_JOB - ef3791f9-93a5-4327-959b-4c3ae1f2f2f1 - nyc_threeoneone_requests - Writing batch 1 (171549 rows) to /home/christiandata/socrata-backfill-datasets/data/opendata/nyc_threeoneone_requests/year=2012/month=01/nyc_threeoneone_requests_201201_1.parquet
[32m2025-03-02 16:40:52 -0500[0m - dagster - [34mINFO[0m - __ASSET_JOB - ef3791f9-93a5-4327-959b-4c3ae1f2f2f1 - nyc_threeoneone_requests - 💾 Saved batch 1 for 2012-01.
[32m2025-03-02 16:40:53 -0500[0m - dagster - [34mINFO[0m - __ASSET_JOB - ef3791f9-93a5-4327-959b-4c3ae1f2f2f1 - nyc_threeoneone_requests - ✅ No more data for 2012-01, offset=500000.
[32m2025-03-02 16:40:53 -0500[0m - dagster - [34mINFO[0m - __ASSET_JOB - ef3791f9-93a5-4327-959b-4c3ae1f2f2f1 - nyc_threeoneone_requests - 🚀 Fetching data for 2012-02...
[32m2025-03-02 16:41:30 -0500[0m - dagster - [34mINFO[0m - __ASSET_JOB - ef3791f9-93a5-4327-959b-4c3ae1f2f2f1 - nyc_threeoneone_requests - Writing batch 1 (138890 rows) to /home/christiandata/socrata-backfill-datasets/data/opendata/nyc_threeoneone_requests/year=2012/month=02/nyc_threeoneone_requests_201202_1.parquet
[32m2025-03-02 16:41:31 -0500[0m - dagster - [34mINFO[0m - __ASSET_JOB - ef3791f9-93a5-4327-959b-4c3ae1f2f2f1 - nyc_threeoneone_requests - 💾 Saved batch 1 for 2012-02.
[32m2025-03-02 16:41:31 -0500[0m - dagster - [34mINFO[0m - __ASSET_JOB - ef3791f9-93a5-4327-959b-4c3ae1f2f2f1 - nyc_threeoneone_requests - ✅ No more data for 2012-02, offset=500000.
[32m2025-03-02 16:41:31 -0500[0m - dagster - [34mINFO[0m - __ASSET_JOB - ef3791f9-93a5-4327-959b-4c3ae1f2f2f1 - nyc_threeoneone_requests - 🚀 Fetching data for 2012-03...
[32m2025-03-02 16:41:45 -0500[0m - dagster - [34mINFO[0m - __ASSET_JOB - ef3791f9-93a5-4327-959b-4c3ae1f2f2f1 - nyc_threeoneone_requests - Writing batch 1 (149678 rows) to /home/christiandata/socrata-backfill-datasets/data/opendata/nyc_threeoneone_requests/year=2012/month=03/nyc_threeoneone_requests_201203_1.parquet
[32m2025-03-02 16:41:46 -0500[0m - dagster - [34mINFO[0m - __ASSET_JOB - ef3791f9-93a5-4327-959b-4c3ae1f2f2f1 - nyc_threeoneone_requests - 💾 Saved batch 1 for 2012-03.
[32m2025-03-02 16:41:46 -0500[0m - dagster - [34mINFO[0m - __ASSET_JOB - ef3791f9-93a5-4327-959b-4c3ae1f2f2f1 - nyc_threeoneone_requests - ✅ No more data for 2012-03, offset=500000.
[32m2025-03-02 16:41:46 -0500[0m - dagster - [34mINFO[0m - __ASSET_JOB - ef3791f9-93a5-4327-959b-4c3ae1f2f2f1 - nyc_threeoneone_requests - 🚀 Fetching data for 2012-04...
[32m2025-03-02 16:41:55 -0500[0m - dagster - [34mINFO[0m - __ASSET_JOB - ef3791f9-93a5-4327-959b-4c3ae1f2f2f1 - nyc_threeoneone_requests - Writing batch 1 (137662 rows) to /home/christiandata/socrata-backfill-datasets/data/opendata/nyc_threeoneone_requests/year=2012/month=04/nyc_threeoneone_requests_201204_1.parquet
[32m2025-03-02 16:41:56 -0500[0m - dagster - [34mINFO[0m - __ASSET_JOB - ef3791f9-93a5-4327-959b-4c3ae1f2f2f1 - nyc_threeoneone_requests - 💾 Saved batch 1 for 2012-04.
[32m2025-03-02 16:41:56 -0500[0m - dagster - [34mINFO[0m - __ASSET_JOB - ef3791f9-93a5-4327-959b-4c3ae1f2f2f1 - nyc_threeoneone_requests - ✅ No more data for 2012-04, offset=500000.
[32m2025-03-02 16:41:56 -0500[0m - dagster - [34mINFO[0m - __ASSET_JOB - ef3791f9-93a5-4327-959b-4c3ae1f2f2f1 - nyc_threeoneone_requests - 🚀 Fetching data for 2012-05...
[32m2025-03-02 16:42:07 -0500[0m - dagster - [34mINFO[0m - __ASSET_JOB - ef3791f9-93a5-4327-959b-4c3ae1f2f2f1 - nyc_threeoneone_requests - Writing batch 1 (147513 rows) to /home/christiandata/socrata-backfill-datasets/data/opendata/nyc_threeoneone_requests/year=2012/month=05/nyc_threeoneone_requests_201205_1.parquet
[32m2025-03-02 16:42:08 -0500[0m - dagster - [34mINFO[0m - __ASSET_JOB - ef3791f9-93a5-4327-959b-4c3ae1f2f2f1 - nyc_threeoneone_requests - 💾 Saved batch 1 for 2012-05.
[32m2025-03-02 16:42:09 -0500[0m - dagster - [34mINFO[0m - __ASSET_JOB - ef3791f9-93a5-4327-959b-4c3ae1f2f2f1 - nyc_threeoneone_requests - ✅ No more data for 2012-05, offset=500000.
[32m2025-03-02 16:42:09 -0500[0m - dagster - [34mINFO[0m - __ASSET_JOB - ef3791f9-93a5-4327-959b-4c3ae1f2f2f1 - nyc_threeoneone_requests - 🚀 Fetching data for 2012-06...
[32m2025-03-02 16:42:44 -0500[0m - dagster - [34mINFO[0m - __ASSET_JOB - ef3791f9-93a5-4327-959b-4c3ae1f2f2f1 - nyc_threeoneone_requests - Writing batch 1 (152336 rows) to /home/christiandata/socrata-backfill-datasets/data/opendata/nyc_threeoneone_requests/year=2012/month=06/nyc_threeoneone_requests_201206_1.parquet
[32m2025-03-02 16:42:44 -0500[0m - dagster - [34mINFO[0m - __ASSET_JOB - ef3791f9-93a5-4327-959b-4c3ae1f2f2f1 - nyc_threeoneone_requests - 💾 Saved batch 1 for 2012-06.
[32m2025-03-02 16:42:45 -0500[0m - dagster - [34mINFO[0m - __ASSET_JOB - ef3791f9-93a5-4327-959b-4c3ae1f2f2f1 - nyc_threeoneone_requests - ✅ No more data for 2012-06, offset=500000.
[32m2025-03-02 16:42:45 -0500[0m - dagster - [34mINFO[0m - __ASSET_JOB - ef3791f9-93a5-4327-959b-4c3ae1f2f2f1 - nyc_threeoneone_requests - 🚀 Fetching data for 2012-07...
[32m2025-03-02 16:42:59 -0500[0m - dagster - [34mINFO[0m - __ASSET_JOB - ef3791f9-93a5-4327-959b-4c3ae1f2f2f1 - nyc_threeoneone_requests - Writing batch 1 (156784 rows) to /home/christiandata/socrata-backfill-datasets/data/opendata/nyc_threeoneone_requests/year=2012/month=07/nyc_threeoneone_requests_201207_1.parquet
[32m2025-03-02 16:43:00 -0500[0m - dagster - [34mINFO[0m - __ASSET_JOB - ef3791f9-93a5-4327-959b-4c3ae1f2f2f1 - nyc_threeoneone_requests - 💾 Saved batch 1 for 2012-07.
[32m2025-03-02 16:43:00 -0500[0m - dagster - [34mINFO[0m - __ASSET_JOB - ef3791f9-93a5-4327-959b-4c3ae1f2f2f1 - nyc_threeoneone_requests - ✅ No more data for 2012-07, offset=500000.
[32m2025-03-02 16:43:00 -0500[0m - dagster - [34mINFO[0m - __ASSET_JOB - ef3791f9-93a5-4327-959b-4c3ae1f2f2f1 - nyc_threeoneone_requests - 🚀 Fetching data for 2012-08...
[32m2025-03-02 16:43:13 -0500[0m - dagster - [34mINFO[0m - __ASSET_JOB - ef3791f9-93a5-4327-959b-4c3ae1f2f2f1 - nyc_threeoneone_requests - Writing batch 1 (152299 rows) to /home/christiandata/socrata-backfill-datasets/data/opendata/nyc_threeoneone_requests/year=2012/month=08/nyc_threeoneone_requests_201208_1.parquet
[32m2025-03-02 16:43:13 -0500[0m - dagster - [34mINFO[0m - __ASSET_JOB - ef3791f9-93a5-4327-959b-4c3ae1f2f2f1 - nyc_threeoneone_requests - 💾 Saved batch 1 for 2012-08.
[32m2025-03-02 16:43:14 -0500[0m - dagster - [34mINFO[0m - __ASSET_JOB - ef3791f9-93a5-4327-959b-4c3ae1f2f2f1 - nyc_threeoneone_requests - ✅ No more data for 2012-08, offset=500000.
[32m2025-03-02 16:43:14 -0500[0m - dagster - [34mINFO[0m - __ASSET_JOB - ef3791f9-93a5-4327-959b-4c3ae1f2f2f1 - nyc_threeoneone_requests - 🚀 Fetching data for 2012-09...
[32m2025-03-02 16:43:26 -0500[0m - dagster - [34mINFO[0m - __ASSET_JOB - ef3791f9-93a5-4327-959b-4c3ae1f2f2f1 - nyc_threeoneone_requests - Writing batch 1 (142976 rows) to /home/christiandata/socrata-backfill-datasets/data/opendata/nyc_threeoneone_requests/year=2012/month=09/nyc_threeoneone_requests_201209_1.parquet
[32m2025-03-02 16:43:26 -0500[0m - dagster - [34mINFO[0m - __ASSET_JOB - ef3791f9-93a5-4327-959b-4c3ae1f2f2f1 - nyc_threeoneone_requests - 💾 Saved batch 1 for 2012-09.
[32m2025-03-02 16:43:27 -0500[0m - dagster - [34mINFO[0m - __ASSET_JOB - ef3791f9-93a5-4327-959b-4c3ae1f2f2f1 - nyc_threeoneone_requests - ✅ No more data for 2012-09, offset=500000.
[32m2025-03-02 16:43:27 -0500[0m - dagster - [34mINFO[0m - __ASSET_JOB - ef3791f9-93a5-4327-959b-4c3ae1f2f2f1 - nyc_threeoneone_requests - 🚀 Fetching data for 2012-10...
[32m2025-03-02 16:44:00 -0500[0m - dagster - [34mINFO[0m - __ASSET_JOB - ef3791f9-93a5-4327-959b-4c3ae1f2f2f1 - nyc_threeoneone_requests - Writing batch 1 (156863 rows) to /home/christiandata/socrata-backfill-datasets/data/opendata/nyc_threeoneone_requests/year=2012/month=10/nyc_threeoneone_requests_201210_1.parquet
[32m2025-03-02 16:44:00 -0500[0m - dagster - [34mINFO[0m - __ASSET_JOB - ef3791f9-93a5-4327-959b-4c3ae1f2f2f1 - nyc_threeoneone_requests - 💾 Saved batch 1 for 2012-10.
[32m2025-03-02 16:44:01 -0500[0m - dagster - [34mINFO[0m - __ASSET_JOB - ef3791f9-93a5-4327-959b-4c3ae1f2f2f1 - nyc_threeoneone_requests - ✅ No more data for 2012-10, offset=500000.
[32m2025-03-02 16:44:01 -0500[0m - dagster - [34mINFO[0m - __ASSET_JOB - ef3791f9-93a5-4327-959b-4c3ae1f2f2f1 - nyc_threeoneone_requests - 🚀 Fetching data for 2012-11...
[32m2025-03-02 16:44:17 -0500[0m - dagster - [34mINFO[0m - __ASSET_JOB - ef3791f9-93a5-4327-959b-4c3ae1f2f2f1 - nyc_threeoneone_requests - Writing batch 1 (173675 rows) to /home/christiandata/socrata-backfill-datasets/data/opendata/nyc_threeoneone_requests/year=2012/month=11/nyc_threeoneone_requests_201211_1.parquet
[32m2025-03-02 16:44:17 -0500[0m - dagster - [34mINFO[0m - __ASSET_JOB - ef3791f9-93a5-4327-959b-4c3ae1f2f2f1 - nyc_threeoneone_requests - 💾 Saved batch 1 for 2012-11.
[32m2025-03-02 16:44:18 -0500[0m - dagster - [34mINFO[0m - __ASSET_JOB - ef3791f9-93a5-4327-959b-4c3ae1f2f2f1 - nyc_threeoneone_requests - ✅ No more data for 2012-11, offset=500000.
[32m2025-03-02 16:44:18 -0500[0m - dagster - [34mINFO[0m - __ASSET_JOB - ef3791f9-93a5-4327-959b-4c3ae1f2f2f1 - nyc_threeoneone_requests - 🚀 Fetching data for 2012-12...
[32m2025-03-02 16:44:51 -0500[0m - dagster - [34mINFO[0m - __ASSET_JOB - ef3791f9-93a5-4327-959b-4c3ae1f2f2f1 - nyc_threeoneone_requests - Writing batch 1 (156903 rows) to /home/christiandata/socrata-backfill-datasets/data/opendata/nyc_threeoneone_requests/year=2012/month=12/nyc_threeoneone_requests_201212_1.parquet
[32m2025-03-02 16:44:52 -0500[0m - dagster - [34mINFO[0m - __ASSET_JOB - ef3791f9-93a5-4327-959b-4c3ae1f2f2f1 - nyc_threeoneone_requests - 💾 Saved batch 1 for 2012-12.
[32m2025-03-02 16:44:53 -0500[0m - dagster - [34mINFO[0m - __ASSET_JOB - ef3791f9-93a5-4327-959b-4c3ae1f2f2f1 - nyc_threeoneone_requests - ✅ No more data for 2012-12, offset=500000.
[32m2025-03-02 16:44:53 -0500[0m - dagster - [34mINFO[0m - __ASSET_JOB - ef3791f9-93a5-4327-959b-4c3ae1f2f2f1 - nyc_threeoneone_requests - 🚀 Fetching data for 2013-01...
[32m2025-03-02 16:45:09 -0500[0m - dagster - [34mINFO[0m - __ASSET_JOB - ef3791f9-93a5-4327-959b-4c3ae1f2f2f1 - nyc_threeoneone_requests - Writing batch 1 (181726 rows) to /home/christiandata/socrata-backfill-datasets/data/opendata/nyc_threeoneone_requests/year=2013/month=01/nyc_threeoneone_requests_201301_1.parquet
[32m2025-03-02 16:45:09 -0500[0m - dagster - [34mINFO[0m - __ASSET_JOB - ef3791f9-93a5-4327-959b-4c3ae1f2f2f1 - nyc_threeoneone_requests - 💾 Saved batch 1 for 2013-01.
[32m2025-03-02 16:45:10 -0500[0m - dagster - [34mINFO[0m - __ASSET_JOB - ef3791f9-93a5-4327-959b-4c3ae1f2f2f1 - nyc_threeoneone_requests - ✅ No more data for 2013-01, offset=500000.
[32m2025-03-02 16:45:10 -0500[0m - dagster - [34mINFO[0m - __ASSET_JOB - ef3791f9-93a5-4327-959b-4c3ae1f2f2f1 - nyc_threeoneone_requests - 🚀 Fetching data for 2013-02...
[32m2025-03-02 16:45:24 -0500[0m - dagster - [34mINFO[0m - __ASSET_JOB - ef3791f9-93a5-4327-959b-4c3ae1f2f2f1 - nyc_threeoneone_requests - Writing batch 1 (153823 rows) to /home/christiandata/socrata-backfill-datasets/data/opendata/nyc_threeoneone_requests/year=2013/month=02/nyc_threeoneone_requests_201302_1.parquet
[32m2025-03-02 16:45:24 -0500[0m - dagster - [34mINFO[0m - __ASSET_JOB - ef3791f9-93a5-4327-959b-4c3ae1f2f2f1 - nyc_threeoneone_requests - 💾 Saved batch 1 for 2013-02.
[32m2025-03-02 16:45:25 -0500[0m - dagster - [34mINFO[0m - __ASSET_JOB - ef3791f9-93a5-4327-959b-4c3ae1f2f2f1 - nyc_threeoneone_requests - ✅ No more data for 2013-02, offset=500000.
[32m2025-03-02 16:45:25 -0500[0m - dagster - [34mINFO[0m - __ASSET_JOB - ef3791f9-93a5-4327-959b-4c3ae1f2f2f1 - nyc_threeoneone_requests - 🚀 Fetching data for 2013-03...
[32m2025-03-02 16:45:38 -0500[0m - dagster - [34mINFO[0m - __ASSET_JOB - ef3791f9-93a5-4327-959b-4c3ae1f2f2f1 - nyc_threeoneone_requests - Writing batch 1 (156324 rows) to /home/christiandata/socrata-backfill-datasets/data/opendata/nyc_threeoneone_requests/year=2013/month=03/nyc_threeoneone_requests_201303_1.parquet
[32m2025-03-02 16:45:38 -0500[0m - dagster - [34mINFO[0m - __ASSET_JOB - ef3791f9-93a5-4327-959b-4c3ae1f2f2f1 - nyc_threeoneone_requests - 💾 Saved batch 1 for 2013-03.
[32m2025-03-02 16:45:39 -0500[0m - dagster - [34mINFO[0m - __ASSET_JOB - ef3791f9-93a5-4327-959b-4c3ae1f2f2f1 - nyc_threeoneone_requests - ✅ No more data for 2013-03, offset=500000.
[32m2025-03-02 16:45:39 -0500[0m - dagster - [34mINFO[0m - __ASSET_JOB - ef3791f9-93a5-4327-959b-4c3ae1f2f2f1 - nyc_threeoneone_requests - 🚀 Fetching data for 2013-04...
[32m2025-03-02 16:45:54 -0500[0m - dagster - [34mINFO[0m - __ASSET_JOB - ef3791f9-93a5-4327-959b-4c3ae1f2f2f1 - nyc_threeoneone_requests - Writing batch 1 (152838 rows) to /home/christiandata/socrata-backfill-datasets/data/opendata/nyc_threeoneone_requests/year=2013/month=04/nyc_threeoneone_requests_201304_1.parquet
[32m2025-03-02 16:45:54 -0500[0m - dagster - [34mINFO[0m - __ASSET_JOB - ef3791f9-93a5-4327-959b-4c3ae1f2f2f1 - nyc_threeoneone_requests - 💾 Saved batch 1 for 2013-04.
[32m2025-03-02 16:45:55 -0500[0m - dagster - [34mINFO[0m - __ASSET_JOB - ef3791f9-93a5-4327-959b-4c3ae1f2f2f1 - nyc_threeoneone_requests - ✅ No more data for 2013-04, offset=500000.
[32m2025-03-02 16:45:55 -0500[0m - dagster - [34mINFO[0m - __ASSET_JOB - ef3791f9-93a5-4327-959b-4c3ae1f2f2f1 - nyc_threeoneone_requests - 🚀 Fetching data for 2013-05...
[32m2025-03-02 16:46:19 -0500[0m - dagster - [34mINFO[0m - __ASSET_JOB - ef3791f9-93a5-4327-959b-4c3ae1f2f2f1 - nyc_threeoneone_requests - Writing batch 1 (155367 rows) to /home/christiandata/socrata-backfill-datasets/data/opendata/nyc_threeoneone_requests/year=2013/month=05/nyc_threeoneone_requests_201305_1.parquet
[32m2025-03-02 16:46:19 -0500[0m - dagster - [34mINFO[0m - __ASSET_JOB - ef3791f9-93a5-4327-959b-4c3ae1f2f2f1 - nyc_threeoneone_requests - 💾 Saved batch 1 for 2013-05.
[32m2025-03-02 16:46:20 -0500[0m - dagster - [34mINFO[0m - __ASSET_JOB - ef3791f9-93a5-4327-959b-4c3ae1f2f2f1 - nyc_threeoneone_requests - ✅ No more data for 2013-05, offset=500000.
[32m2025-03-02 16:46:20 -0500[0m - dagster - [34mINFO[0m - __ASSET_JOB - ef3791f9-93a5-4327-959b-4c3ae1f2f2f1 - nyc_threeoneone_requests - 🚀 Fetching data for 2013-06...
[32m2025-03-02 16:46:45 -0500[0m - dagster - [34mINFO[0m - __ASSET_JOB - ef3791f9-93a5-4327-959b-4c3ae1f2f2f1 - nyc_threeoneone_requests - Writing batch 1 (159914 rows) to /home/christiandata/socrata-backfill-datasets/data/opendata/nyc_threeoneone_requests/year=2013/month=06/nyc_threeoneone_requests_201306_1.parquet
[32m2025-03-02 16:46:45 -0500[0m - dagster - [34mINFO[0m - __ASSET_JOB - ef3791f9-93a5-4327-959b-4c3ae1f2f2f1 - nyc_threeoneone_requests - 💾 Saved batch 1 for 2013-06.
[32m2025-03-02 16:46:46 -0500[0m - dagster - [34mINFO[0m - __ASSET_JOB - ef3791f9-93a5-4327-959b-4c3ae1f2f2f1 - nyc_threeoneone_requests - ✅ No more data for 2013-06, offset=500000.
[32m2025-03-02 16:46:46 -0500[0m - dagster - [34mINFO[0m - __ASSET_JOB - ef3791f9-93a5-4327-959b-4c3ae1f2f2f1 - nyc_threeoneone_requests - 🚀 Fetching data for 2013-07...
[32m2025-03-02 16:46:58 -0500[0m - dagster - [34mINFO[0m - __ASSET_JOB - ef3791f9-93a5-4327-959b-4c3ae1f2f2f1 - nyc_threeoneone_requests - Writing batch 1 (164888 rows) to /home/christiandata/socrata-backfill-datasets/data/opendata/nyc_threeoneone_requests/year=2013/month=07/nyc_threeoneone_requests_201307_1.parquet
[32m2025-03-02 16:46:58 -0500[0m - dagster - [34mINFO[0m - __ASSET_JOB - ef3791f9-93a5-4327-959b-4c3ae1f2f2f1 - nyc_threeoneone_requests - 💾 Saved batch 1 for 2013-07.
[32m2025-03-02 16:46:59 -0500[0m - dagster - [34mINFO[0m - __ASSET_JOB - ef3791f9-93a5-4327-959b-4c3ae1f2f2f1 - nyc_threeoneone_requests - ✅ No more data for 2013-07, offset=500000.
[32m2025-03-02 16:46:59 -0500[0m - dagster - [34mINFO[0m - __ASSET_JOB - ef3791f9-93a5-4327-959b-4c3ae1f2f2f1 - nyc_threeoneone_requests - 🚀 Fetching data for 2013-08...
[32m2025-03-02 16:47:46 -0500[0m - dagster - [34mINFO[0m - __ASSET_JOB - ef3791f9-93a5-4327-959b-4c3ae1f2f2f1 - nyc_threeoneone_requests - Writing batch 1 (148329 rows) to /home/christiandata/socrata-backfill-datasets/data/opendata/nyc_threeoneone_requests/year=2013/month=08/nyc_threeoneone_requests_201308_1.parquet
[32m2025-03-02 16:47:46 -0500[0m - dagster - [34mINFO[0m - __ASSET_JOB - ef3791f9-93a5-4327-959b-4c3ae1f2f2f1 - nyc_threeoneone_requests - 💾 Saved batch 1 for 2013-08.
[32m2025-03-02 16:47:47 -0500[0m - dagster - [34mINFO[0m - __ASSET_JOB - ef3791f9-93a5-4327-959b-4c3ae1f2f2f1 - nyc_threeoneone_requests - ✅ No more data for 2013-08, offset=500000.
[32m2025-03-02 16:47:47 -0500[0m - dagster - [34mINFO[0m - __ASSET_JOB - ef3791f9-93a5-4327-959b-4c3ae1f2f2f1 - nyc_threeoneone_requests - 🚀 Fetching data for 2013-09...
[32m2025-03-02 16:48:06 -0500[0m - dagster - [34mINFO[0m - __ASSET_JOB - ef3791f9-93a5-4327-959b-4c3ae1f2f2f1 - nyc_threeoneone_requests - Writing batch 1 (139697 rows) to /home/christiandata/socrata-backfill-datasets/data/opendata/nyc_threeoneone_requests/year=2013/month=09/nyc_threeoneone_requests_201309_1.parquet
[32m2025-03-02 16:48:07 -0500[0m - dagster - [34mINFO[0m - __ASSET_JOB - ef3791f9-93a5-4327-959b-4c3ae1f2f2f1 - nyc_threeoneone_requests - 💾 Saved batch 1 for 2013-09.
[32m2025-03-02 16:48:07 -0500[0m - dagster - [34mINFO[0m - __ASSET_JOB - ef3791f9-93a5-4327-959b-4c3ae1f2f2f1 - nyc_threeoneone_requests - ✅ No more data for 2013-09, offset=500000.
[32m2025-03-02 16:48:07 -0500[0m - dagster - [34mINFO[0m - __ASSET_JOB - ef3791f9-93a5-4327-959b-4c3ae1f2f2f1 - nyc_threeoneone_requests - 🚀 Fetching data for 2013-10...
[32m2025-03-02 16:48:22 -0500[0m - dagster - [34mINFO[0m - __ASSET_JOB - ef3791f9-93a5-4327-959b-4c3ae1f2f2f1 - nyc_threeoneone_requests - Writing batch 1 (154944 rows) to /home/christiandata/socrata-backfill-datasets/data/opendata/nyc_threeoneone_requests/year=2013/month=10/nyc_threeoneone_requests_201310_1.parquet
[32m2025-03-02 16:48:22 -0500[0m - dagster - [34mINFO[0m - __ASSET_JOB - ef3791f9-93a5-4327-959b-4c3ae1f2f2f1 - nyc_threeoneone_requests - 💾 Saved batch 1 for 2013-10.
[32m2025-03-02 16:48:23 -0500[0m - dagster - [34mINFO[0m - __ASSET_JOB - ef3791f9-93a5-4327-959b-4c3ae1f2f2f1 - nyc_threeoneone_requests - ✅ No more data for 2013-10, offset=500000.
[32m2025-03-02 16:48:23 -0500[0m - dagster - [34mINFO[0m - __ASSET_JOB - ef3791f9-93a5-4327-959b-4c3ae1f2f2f1 - nyc_threeoneone_requests - 🚀 Fetching data for 2013-11...
[32m2025-03-02 16:48:42 -0500[0m - dagster - [34mINFO[0m - __ASSET_JOB - ef3791f9-93a5-4327-959b-4c3ae1f2f2f1 - nyc_threeoneone_requests - Writing batch 1 (159587 rows) to /home/christiandata/socrata-backfill-datasets/data/opendata/nyc_threeoneone_requests/year=2013/month=11/nyc_threeoneone_requests_201311_1.parquet
[32m2025-03-02 16:48:43 -0500[0m - dagster - [34mINFO[0m - __ASSET_JOB - ef3791f9-93a5-4327-959b-4c3ae1f2f2f1 - nyc_threeoneone_requests - 💾 Saved batch 1 for 2013-11.
[32m2025-03-02 16:48:43 -0500[0m - dagster - [34mINFO[0m - __ASSET_JOB - ef3791f9-93a5-4327-959b-4c3ae1f2f2f1 - nyc_threeoneone_requests - ✅ No more data for 2013-11, offset=500000.
[32m2025-03-02 16:48:44 -0500[0m - dagster - [34mINFO[0m - __ASSET_JOB - ef3791f9-93a5-4327-959b-4c3ae1f2f2f1 - nyc_threeoneone_requests - 🚀 Fetching data for 2013-12...
[32m2025-03-02 16:49:02 -0500[0m - dagster - [34mINFO[0m - __ASSET_JOB - ef3791f9-93a5-4327-959b-4c3ae1f2f2f1 - nyc_threeoneone_requests - Writing batch 1 (160158 rows) to /home/christiandata/socrata-backfill-datasets/data/opendata/nyc_threeoneone_requests/year=2013/month=12/nyc_threeoneone_requests_201312_1.parquet
[32m2025-03-02 16:49:03 -0500[0m - dagster - [34mINFO[0m - __ASSET_JOB - ef3791f9-93a5-4327-959b-4c3ae1f2f2f1 - nyc_threeoneone_requests - 💾 Saved batch 1 for 2013-12.
[32m2025-03-02 16:49:04 -0500[0m - dagster - [34mINFO[0m - __ASSET_JOB - ef3791f9-93a5-4327-959b-4c3ae1f2f2f1 - nyc_threeoneone_requests - ✅ No more data for 2013-12, offset=500000.
[32m2025-03-02 16:49:04 -0500[0m - dagster - [34mINFO[0m - __ASSET_JOB - ef3791f9-93a5-4327-959b-4c3ae1f2f2f1 - nyc_threeoneone_requests - 🚀 Fetching data for 2014-01...
[32m2025-03-02 16:49:19 -0500[0m - dagster - [34mERROR[0m - [31m__ASSET_JOB - ef3791f9-93a5-4327-959b-4c3ae1f2f2f1 - 1634135 - nyc_threeoneone_requests - STEP_FAILURE - Execution of step "nyc_threeoneone_requests" failed.

dagster._core.errors.DagsterExecutionInterruptedError

Stack Trace:
  File "/home/christiandata/socrata-backfill-datasets/.venv/lib/python3.11/site-packages/dagster/_core/execution/plan/execute_plan.py", line 245, in dagster_event_sequence_for_step
    yield from check.generator(step_events)
  File "/home/christiandata/socrata-backfill-datasets/.venv/lib/python3.11/site-packages/dagster/_core/execution/plan/execute_step.py", line 501, in core_dagster_event_sequence_for_step
    for user_event in _step_output_error_checked_user_event_sequence(
  File "/home/christiandata/socrata-backfill-datasets/.venv/lib/python3.11/site-packages/dagster/_core/execution/plan/execute_step.py", line 184, in _step_output_error_checked_user_event_sequence
    for user_event in user_event_sequence:
  File "/home/christiandata/socrata-backfill-datasets/.venv/lib/python3.11/site-packages/dagster/_core/execution/plan/execute_step.py", line 88, in _process_asset_results_to_events
    for user_event in user_event_sequence:
  File "/home/christiandata/socrata-backfill-datasets/.venv/lib/python3.11/site-packages/dagster/_core/execution/plan/compute.py", line 190, in execute_core_compute
    for step_output in _yield_compute_results(step_context, inputs, compute_fn, compute_context):
  File "/home/christiandata/socrata-backfill-datasets/.venv/lib/python3.11/site-packages/dagster/_core/execution/plan/compute.py", line 159, in _yield_compute_results
    for event in iterate_with_context(
  File "/home/christiandata/socrata-backfill-datasets/.venv/lib/python3.11/site-packages/dagster/_utils/__init__.py", line 480, in iterate_with_context
    next_output = next(iterator)
                  ^^^^^^^^^^^^^^
  File "/home/christiandata/socrata-backfill-datasets/.venv/lib/python3.11/site-packages/dagster/_core/execution/plan/compute_generator.py", line 127, in _coerce_op_compute_fn_to_iterator
    result = invoke_compute_fn(
             ^^^^^^^^^^^^^^^^^^
  File "/home/christiandata/socrata-backfill-datasets/.venv/lib/python3.11/site-packages/dagster/_core/execution/plan/compute_generator.py", line 115, in invoke_compute_fn
    return fn(context, **args_to_pass) if context_arg_provided else fn(**args_to_pass)
           ^^^^^^^^^^^^^^^^^^^^^^^^^^^
  File "/home/christiandata/socrata-backfill-datasets/mta/assets/ingestion/threeoneone_assets.py", line 94, in nyc_threeoneone_requests
    records = context.resources.socrata.fetch_data(endpoint, query_params)
              ^^^^^^^^^^^^^^^^^^^^^^^^^^^^^^^^^^^^^^^^^^^^^^^^^^^^^^^^^^^^
  File "/home/christiandata/socrata-backfill-datasets/mta/resources/socrata_resource.py", line 26, in fetch_data
    resp = requests.get(endpoint, params=query_params, headers=headers)
           ^^^^^^^^^^^^^^^^^^^^^^^^^^^^^^^^^^^^^^^^^^^^^^^^^^^^^^^^^^^^
  File "/home/christiandata/socrata-backfill-datasets/.venv/lib/python3.11/site-packages/requests/api.py", line 73, in get
    return request("get", url, params=params, **kwargs)
           ^^^^^^^^^^^^^^^^^^^^^^^^^^^^^^^^^^^^^^^^^^^^
  File "/home/christiandata/socrata-backfill-datasets/.venv/lib/python3.11/site-packages/requests/api.py", line 59, in request
    return session.request(method=method, url=url, **kwargs)
           ^^^^^^^^^^^^^^^^^^^^^^^^^^^^^^^^^^^^^^^^^^^^^^^^^
  File "/home/christiandata/socrata-backfill-datasets/.venv/lib/python3.11/site-packages/requests/sessions.py", line 589, in request
    resp = self.send(prep, **send_kwargs)
           ^^^^^^^^^^^^^^^^^^^^^^^^^^^^^^
  File "/home/christiandata/socrata-backfill-datasets/.venv/lib/python3.11/site-packages/requests/sessions.py", line 746, in send
    r.content
  File "/home/christiandata/socrata-backfill-datasets/.venv/lib/python3.11/site-packages/requests/models.py", line 902, in content
    self._content = b"".join(self.iter_content(CONTENT_CHUNK_SIZE)) or b""
                    ^^^^^^^^^^^^^^^^^^^^^^^^^^^^^^^^^^^^^^^^^^^^^^^
  File "/home/christiandata/socrata-backfill-datasets/.venv/lib/python3.11/site-packages/requests/models.py", line 820, in generate
    yield from self.raw.stream(chunk_size, decode_content=True)
  File "/home/christiandata/socrata-backfill-datasets/.venv/lib/python3.11/site-packages/urllib3/response.py", line 1063, in stream
    yield from self.read_chunked(amt, decode_content=decode_content)
  File "/home/christiandata/socrata-backfill-datasets/.venv/lib/python3.11/site-packages/urllib3/response.py", line 1222, in read_chunked
    chunk = self._handle_chunk(amt)
            ^^^^^^^^^^^^^^^^^^^^^^^
  File "/home/christiandata/socrata-backfill-datasets/.venv/lib/python3.11/site-packages/urllib3/response.py", line 1168, in _handle_chunk
    returned_chunk = self._fp._safe_read(self.chunk_left)  # type: ignore[union-attr]
                     ^^^^^^^^^^^^^^^^^^^^^^^^^^^^^^^^^^^^
  File "/home/christiandata/.local/share/uv/python/cpython-3.11.11-linux-x86_64-gnu/lib/python3.11/http/client.py", line 638, in _safe_read
    data = self.fp.read(amt)
           ^^^^^^^^^^^^^^^^^
  File "/home/christiandata/.local/share/uv/python/cpython-3.11.11-linux-x86_64-gnu/lib/python3.11/socket.py", line 718, in readinto
    return self._sock.recv_into(b)
           ^^^^^^^^^^^^^^^^^^^^^^^
  File "/home/christiandata/.local/share/uv/python/cpython-3.11.11-linux-x86_64-gnu/lib/python3.11/ssl.py", line 1314, in recv_into
    return self.read(nbytes, buffer)
           ^^^^^^^^^^^^^^^^^^^^^^^^^
  File "/home/christiandata/.local/share/uv/python/cpython-3.11.11-linux-x86_64-gnu/lib/python3.11/ssl.py", line 1166, in read
    return self._sslobj.read(len, buffer)
           ^^^^^^^^^^^^^^^^^^^^^^^^^^^^^^
  File "/home/christiandata/socrata-backfill-datasets/.venv/lib/python3.11/site-packages/dagster/_utils/interrupts.py", line 83, in _new_signal_handler
    raise error_cls()
[0m
