[32m2025-03-02 16:30:48 -0500[0m - dagster - [34mDEBUG[0m - __ASSET_JOB - ef3791f9-93a5-4327-959b-4c3ae1f2f2f1 - 1634134 - LOGS_CAPTURED - Started capturing logs in process (pid: 1634134).
[32m2025-03-02 16:30:48 -0500[0m - dagster - [34mDEBUG[0m - __ASSET_JOB - ef3791f9-93a5-4327-959b-4c3ae1f2f2f1 - 1634134 - mta_subway_origin_destination_2024 - STEP_START - Started execution of step "mta_subway_origin_destination_2024".
[32m2025-03-02 16:31:39 -0500[0m - dagster - [34mINFO[0m - __ASSET_JOB - ef3791f9-93a5-4327-959b-4c3ae1f2f2f1 - mta_subway_origin_destination_2024 - Fetched 500000 rows => Writing chunk 1, offset=0
[32m2025-03-02 16:31:39 -0500[0m - dagster - [34mINFO[0m - __ASSET_JOB - ef3791f9-93a5-4327-959b-4c3ae1f2f2f1 - mta_subway_origin_destination_2024 - Writing batch 1 (500000 rows) to /home/christiandata/socrata-backfill-datasets/data/opendata/mta_subway_origin_destination_2024/year=2024/month=01/mta_subway_origin_destination_2024_202401_1.parquet
[32m2025-03-02 16:32:24 -0500[0m - dagster - [34mINFO[0m - __ASSET_JOB - ef3791f9-93a5-4327-959b-4c3ae1f2f2f1 - mta_subway_origin_destination_2024 - Fetched 500000 rows => Writing chunk 2, offset=500000
[32m2025-03-02 16:32:24 -0500[0m - dagster - [34mINFO[0m - __ASSET_JOB - ef3791f9-93a5-4327-959b-4c3ae1f2f2f1 - mta_subway_origin_destination_2024 - Writing batch 2 (500000 rows) to /home/christiandata/socrata-backfill-datasets/data/opendata/mta_subway_origin_destination_2024/year=2024/month=01/mta_subway_origin_destination_2024_202401_2.parquet
[32m2025-03-02 16:33:27 -0500[0m - dagster - [34mINFO[0m - __ASSET_JOB - ef3791f9-93a5-4327-959b-4c3ae1f2f2f1 - mta_subway_origin_destination_2024 - Fetched 500000 rows => Writing chunk 3, offset=1000000
[32m2025-03-02 16:33:27 -0500[0m - dagster - [34mINFO[0m - __ASSET_JOB - ef3791f9-93a5-4327-959b-4c3ae1f2f2f1 - mta_subway_origin_destination_2024 - Writing batch 3 (500000 rows) to /home/christiandata/socrata-backfill-datasets/data/opendata/mta_subway_origin_destination_2024/year=2024/month=01/mta_subway_origin_destination_2024_202401_3.parquet
[32m2025-03-02 16:34:02 -0500[0m - dagster - [34mINFO[0m - __ASSET_JOB - ef3791f9-93a5-4327-959b-4c3ae1f2f2f1 - mta_subway_origin_destination_2024 - Fetched 500000 rows => Writing chunk 4, offset=1500000
[32m2025-03-02 16:34:02 -0500[0m - dagster - [34mINFO[0m - __ASSET_JOB - ef3791f9-93a5-4327-959b-4c3ae1f2f2f1 - mta_subway_origin_destination_2024 - Writing batch 4 (500000 rows) to /home/christiandata/socrata-backfill-datasets/data/opendata/mta_subway_origin_destination_2024/year=2024/month=01/mta_subway_origin_destination_2024_202401_4.parquet
[32m2025-03-02 16:34:36 -0500[0m - dagster - [34mINFO[0m - __ASSET_JOB - ef3791f9-93a5-4327-959b-4c3ae1f2f2f1 - mta_subway_origin_destination_2024 - Fetched 500000 rows => Writing chunk 5, offset=2000000
[32m2025-03-02 16:34:36 -0500[0m - dagster - [34mINFO[0m - __ASSET_JOB - ef3791f9-93a5-4327-959b-4c3ae1f2f2f1 - mta_subway_origin_destination_2024 - Writing batch 5 (500000 rows) to /home/christiandata/socrata-backfill-datasets/data/opendata/mta_subway_origin_destination_2024/year=2024/month=01/mta_subway_origin_destination_2024_202401_5.parquet
[32m2025-03-02 16:36:29 -0500[0m - dagster - [34mINFO[0m - __ASSET_JOB - ef3791f9-93a5-4327-959b-4c3ae1f2f2f1 - mta_subway_origin_destination_2024 - Fetched 500000 rows => Writing chunk 6, offset=2500000
[32m2025-03-02 16:36:29 -0500[0m - dagster - [34mINFO[0m - __ASSET_JOB - ef3791f9-93a5-4327-959b-4c3ae1f2f2f1 - mta_subway_origin_destination_2024 - Writing batch 6 (500000 rows) to /home/christiandata/socrata-backfill-datasets/data/opendata/mta_subway_origin_destination_2024/year=2024/month=01/mta_subway_origin_destination_2024_202401_6.parquet
[32m2025-03-02 16:37:06 -0500[0m - dagster - [34mINFO[0m - __ASSET_JOB - ef3791f9-93a5-4327-959b-4c3ae1f2f2f1 - mta_subway_origin_destination_2024 - Fetched 500000 rows => Writing chunk 7, offset=3000000
[32m2025-03-02 16:37:06 -0500[0m - dagster - [34mINFO[0m - __ASSET_JOB - ef3791f9-93a5-4327-959b-4c3ae1f2f2f1 - mta_subway_origin_destination_2024 - Writing batch 7 (500000 rows) to /home/christiandata/socrata-backfill-datasets/data/opendata/mta_subway_origin_destination_2024/year=2024/month=01/mta_subway_origin_destination_2024_202401_7.parquet
[32m2025-03-02 16:37:42 -0500[0m - dagster - [34mINFO[0m - __ASSET_JOB - ef3791f9-93a5-4327-959b-4c3ae1f2f2f1 - mta_subway_origin_destination_2024 - Fetched 500000 rows => Writing chunk 8, offset=3500000
[32m2025-03-02 16:37:42 -0500[0m - dagster - [34mINFO[0m - __ASSET_JOB - ef3791f9-93a5-4327-959b-4c3ae1f2f2f1 - mta_subway_origin_destination_2024 - Writing batch 8 (500000 rows) to /home/christiandata/socrata-backfill-datasets/data/opendata/mta_subway_origin_destination_2024/year=2024/month=01/mta_subway_origin_destination_2024_202401_8.parquet
[32m2025-03-02 16:38:31 -0500[0m - dagster - [34mINFO[0m - __ASSET_JOB - ef3791f9-93a5-4327-959b-4c3ae1f2f2f1 - mta_subway_origin_destination_2024 - Fetched 500000 rows => Writing chunk 9, offset=4000000
[32m2025-03-02 16:38:31 -0500[0m - dagster - [34mINFO[0m - __ASSET_JOB - ef3791f9-93a5-4327-959b-4c3ae1f2f2f1 - mta_subway_origin_destination_2024 - Writing batch 9 (500000 rows) to /home/christiandata/socrata-backfill-datasets/data/opendata/mta_subway_origin_destination_2024/year=2024/month=01/mta_subway_origin_destination_2024_202401_9.parquet
[32m2025-03-02 16:39:49 -0500[0m - dagster - [34mINFO[0m - __ASSET_JOB - ef3791f9-93a5-4327-959b-4c3ae1f2f2f1 - mta_subway_origin_destination_2024 - Fetched 500000 rows => Writing chunk 10, offset=4500000
[32m2025-03-02 16:39:49 -0500[0m - dagster - [34mINFO[0m - __ASSET_JOB - ef3791f9-93a5-4327-959b-4c3ae1f2f2f1 - mta_subway_origin_destination_2024 - Writing batch 10 (500000 rows) to /home/christiandata/socrata-backfill-datasets/data/opendata/mta_subway_origin_destination_2024/year=2024/month=01/mta_subway_origin_destination_2024_202401_10.parquet
[32m2025-03-02 16:40:25 -0500[0m - dagster - [34mINFO[0m - __ASSET_JOB - ef3791f9-93a5-4327-959b-4c3ae1f2f2f1 - mta_subway_origin_destination_2024 - Fetched 500000 rows => Writing chunk 11, offset=5000000
[32m2025-03-02 16:40:25 -0500[0m - dagster - [34mINFO[0m - __ASSET_JOB - ef3791f9-93a5-4327-959b-4c3ae1f2f2f1 - mta_subway_origin_destination_2024 - Writing batch 11 (500000 rows) to /home/christiandata/socrata-backfill-datasets/data/opendata/mta_subway_origin_destination_2024/year=2024/month=01/mta_subway_origin_destination_2024_202401_11.parquet
[32m2025-03-02 16:41:04 -0500[0m - dagster - [34mINFO[0m - __ASSET_JOB - ef3791f9-93a5-4327-959b-4c3ae1f2f2f1 - mta_subway_origin_destination_2024 - Fetched 500000 rows => Writing chunk 12, offset=5500000
[32m2025-03-02 16:41:04 -0500[0m - dagster - [34mINFO[0m - __ASSET_JOB - ef3791f9-93a5-4327-959b-4c3ae1f2f2f1 - mta_subway_origin_destination_2024 - Writing batch 12 (500000 rows) to /home/christiandata/socrata-backfill-datasets/data/opendata/mta_subway_origin_destination_2024/year=2024/month=01/mta_subway_origin_destination_2024_202401_12.parquet
[32m2025-03-02 16:41:46 -0500[0m - dagster - [34mINFO[0m - __ASSET_JOB - ef3791f9-93a5-4327-959b-4c3ae1f2f2f1 - mta_subway_origin_destination_2024 - Fetched 500000 rows => Writing chunk 13, offset=6000000
[32m2025-03-02 16:41:46 -0500[0m - dagster - [34mINFO[0m - __ASSET_JOB - ef3791f9-93a5-4327-959b-4c3ae1f2f2f1 - mta_subway_origin_destination_2024 - Writing batch 13 (500000 rows) to /home/christiandata/socrata-backfill-datasets/data/opendata/mta_subway_origin_destination_2024/year=2024/month=01/mta_subway_origin_destination_2024_202401_13.parquet
[32m2025-03-02 16:42:23 -0500[0m - dagster - [34mINFO[0m - __ASSET_JOB - ef3791f9-93a5-4327-959b-4c3ae1f2f2f1 - mta_subway_origin_destination_2024 - Fetched 500000 rows => Writing chunk 14, offset=6500000
[32m2025-03-02 16:42:23 -0500[0m - dagster - [34mINFO[0m - __ASSET_JOB - ef3791f9-93a5-4327-959b-4c3ae1f2f2f1 - mta_subway_origin_destination_2024 - Writing batch 14 (500000 rows) to /home/christiandata/socrata-backfill-datasets/data/opendata/mta_subway_origin_destination_2024/year=2024/month=01/mta_subway_origin_destination_2024_202401_14.parquet
[32m2025-03-02 16:43:19 -0500[0m - dagster - [34mINFO[0m - __ASSET_JOB - ef3791f9-93a5-4327-959b-4c3ae1f2f2f1 - mta_subway_origin_destination_2024 - Fetched 500000 rows => Writing chunk 15, offset=7000000
[32m2025-03-02 16:43:19 -0500[0m - dagster - [34mINFO[0m - __ASSET_JOB - ef3791f9-93a5-4327-959b-4c3ae1f2f2f1 - mta_subway_origin_destination_2024 - Writing batch 15 (500000 rows) to /home/christiandata/socrata-backfill-datasets/data/opendata/mta_subway_origin_destination_2024/year=2024/month=01/mta_subway_origin_destination_2024_202401_15.parquet
[32m2025-03-02 16:43:56 -0500[0m - dagster - [34mINFO[0m - __ASSET_JOB - ef3791f9-93a5-4327-959b-4c3ae1f2f2f1 - mta_subway_origin_destination_2024 - Fetched 500000 rows => Writing chunk 16, offset=7500000
[32m2025-03-02 16:43:56 -0500[0m - dagster - [34mINFO[0m - __ASSET_JOB - ef3791f9-93a5-4327-959b-4c3ae1f2f2f1 - mta_subway_origin_destination_2024 - Writing batch 16 (500000 rows) to /home/christiandata/socrata-backfill-datasets/data/opendata/mta_subway_origin_destination_2024/year=2024/month=01/mta_subway_origin_destination_2024_202401_16.parquet
[32m2025-03-02 16:45:22 -0500[0m - dagster - [34mINFO[0m - __ASSET_JOB - ef3791f9-93a5-4327-959b-4c3ae1f2f2f1 - mta_subway_origin_destination_2024 - Fetched 500000 rows => Writing chunk 17, offset=8000000
[32m2025-03-02 16:45:22 -0500[0m - dagster - [34mINFO[0m - __ASSET_JOB - ef3791f9-93a5-4327-959b-4c3ae1f2f2f1 - mta_subway_origin_destination_2024 - Writing batch 17 (500000 rows) to /home/christiandata/socrata-backfill-datasets/data/opendata/mta_subway_origin_destination_2024/year=2024/month=01/mta_subway_origin_destination_2024_202401_17.parquet
[32m2025-03-02 16:46:03 -0500[0m - dagster - [34mINFO[0m - __ASSET_JOB - ef3791f9-93a5-4327-959b-4c3ae1f2f2f1 - mta_subway_origin_destination_2024 - Fetched 500000 rows => Writing chunk 18, offset=8500000
[32m2025-03-02 16:46:03 -0500[0m - dagster - [34mINFO[0m - __ASSET_JOB - ef3791f9-93a5-4327-959b-4c3ae1f2f2f1 - mta_subway_origin_destination_2024 - Writing batch 18 (500000 rows) to /home/christiandata/socrata-backfill-datasets/data/opendata/mta_subway_origin_destination_2024/year=2024/month=01/mta_subway_origin_destination_2024_202401_18.parquet
[32m2025-03-02 16:46:17 -0500[0m - dagster - [34mINFO[0m - __ASSET_JOB - ef3791f9-93a5-4327-959b-4c3ae1f2f2f1 - mta_subway_origin_destination_2024 - Fetched 169125 rows => Writing chunk 19, offset=9000000
[32m2025-03-02 16:46:17 -0500[0m - dagster - [34mINFO[0m - __ASSET_JOB - ef3791f9-93a5-4327-959b-4c3ae1f2f2f1 - mta_subway_origin_destination_2024 - Writing batch 19 (169125 rows) to /home/christiandata/socrata-backfill-datasets/data/opendata/mta_subway_origin_destination_2024/year=2024/month=01/mta_subway_origin_destination_2024_202401_19.parquet
[32m2025-03-02 16:46:22 -0500[0m - dagster - [34mINFO[0m - __ASSET_JOB - ef3791f9-93a5-4327-959b-4c3ae1f2f2f1 - mta_subway_origin_destination_2024 - No more data for mta_subway_origin_destination_2024 2024-01 offset=9500000.
[32m2025-03-02 16:47:26 -0500[0m - dagster - [34mINFO[0m - __ASSET_JOB - ef3791f9-93a5-4327-959b-4c3ae1f2f2f1 - mta_subway_origin_destination_2024 - Fetched 500000 rows => Writing chunk 1, offset=0
[32m2025-03-02 16:47:26 -0500[0m - dagster - [34mINFO[0m - __ASSET_JOB - ef3791f9-93a5-4327-959b-4c3ae1f2f2f1 - mta_subway_origin_destination_2024 - Writing batch 1 (500000 rows) to /home/christiandata/socrata-backfill-datasets/data/opendata/mta_subway_origin_destination_2024/year=2024/month=02/mta_subway_origin_destination_2024_202402_1.parquet
[32m2025-03-02 16:48:16 -0500[0m - dagster - [34mINFO[0m - __ASSET_JOB - ef3791f9-93a5-4327-959b-4c3ae1f2f2f1 - mta_subway_origin_destination_2024 - Fetched 500000 rows => Writing chunk 2, offset=500000
[32m2025-03-02 16:48:16 -0500[0m - dagster - [34mINFO[0m - __ASSET_JOB - ef3791f9-93a5-4327-959b-4c3ae1f2f2f1 - mta_subway_origin_destination_2024 - Writing batch 2 (500000 rows) to /home/christiandata/socrata-backfill-datasets/data/opendata/mta_subway_origin_destination_2024/year=2024/month=02/mta_subway_origin_destination_2024_202402_2.parquet
[32m2025-03-02 16:48:45 -0500[0m - dagster - [34mINFO[0m - __ASSET_JOB - ef3791f9-93a5-4327-959b-4c3ae1f2f2f1 - mta_subway_origin_destination_2024 - Fetched 500000 rows => Writing chunk 3, offset=1000000
[32m2025-03-02 16:48:45 -0500[0m - dagster - [34mINFO[0m - __ASSET_JOB - ef3791f9-93a5-4327-959b-4c3ae1f2f2f1 - mta_subway_origin_destination_2024 - Writing batch 3 (500000 rows) to /home/christiandata/socrata-backfill-datasets/data/opendata/mta_subway_origin_destination_2024/year=2024/month=02/mta_subway_origin_destination_2024_202402_3.parquet
[32m2025-03-02 16:49:20 -0500[0m - dagster - [34mERROR[0m - [31m__ASSET_JOB - ef3791f9-93a5-4327-959b-4c3ae1f2f2f1 - 1634134 - mta_subway_origin_destination_2024 - STEP_FAILURE - Execution of step "mta_subway_origin_destination_2024" failed.

dagster._core.errors.DagsterExecutionInterruptedError

Stack Trace:
  File "/home/christiandata/socrata-backfill-datasets/.venv/lib/python3.11/site-packages/dagster/_core/execution/plan/execute_plan.py", line 245, in dagster_event_sequence_for_step
    yield from check.generator(step_events)
  File "/home/christiandata/socrata-backfill-datasets/.venv/lib/python3.11/site-packages/dagster/_core/execution/plan/execute_step.py", line 501, in core_dagster_event_sequence_for_step
    for user_event in _step_output_error_checked_user_event_sequence(
  File "/home/christiandata/socrata-backfill-datasets/.venv/lib/python3.11/site-packages/dagster/_core/execution/plan/execute_step.py", line 184, in _step_output_error_checked_user_event_sequence
    for user_event in user_event_sequence:
  File "/home/christiandata/socrata-backfill-datasets/.venv/lib/python3.11/site-packages/dagster/_core/execution/plan/execute_step.py", line 88, in _process_asset_results_to_events
    for user_event in user_event_sequence:
  File "/home/christiandata/socrata-backfill-datasets/.venv/lib/python3.11/site-packages/dagster/_core/execution/plan/compute.py", line 190, in execute_core_compute
    for step_output in _yield_compute_results(step_context, inputs, compute_fn, compute_context):
  File "/home/christiandata/socrata-backfill-datasets/.venv/lib/python3.11/site-packages/dagster/_core/execution/plan/compute.py", line 159, in _yield_compute_results
    for event in iterate_with_context(
  File "/home/christiandata/socrata-backfill-datasets/.venv/lib/python3.11/site-packages/dagster/_utils/__init__.py", line 478, in iterate_with_context
    with context_fn():
  File "/home/christiandata/.local/share/uv/python/cpython-3.11.11-linux-x86_64-gnu/lib/python3.11/contextlib.py", line 158, in __exit__
    self.gen.throw(typ, value, traceback)
  File "/home/christiandata/socrata-backfill-datasets/.venv/lib/python3.11/site-packages/dagster/_core/execution/plan/utils.py", line 106, in op_execution_error_boundary
    step_context.log.end_python_log_capture()
    ^^^^^^^^^^^^^^^^
  File "/home/christiandata/socrata-backfill-datasets/.venv/lib/python3.11/site-packages/dagster/_core/execution/context/system.py", line 358, in log
    @property
    
  File "/home/christiandata/socrata-backfill-datasets/.venv/lib/python3.11/site-packages/dagster/_utils/interrupts.py", line 83, in _new_signal_handler
    raise error_cls()

The above exception occurred during handling of the following exception:
dagster._core.errors.DagsterExecutionInterruptedError

Stack Trace:
  File "/home/christiandata/socrata-backfill-datasets/.venv/lib/python3.11/site-packages/dagster/_core/execution/plan/utils.py", line 103, in op_execution_error_boundary
    raise ie
  File "/home/christiandata/socrata-backfill-datasets/.venv/lib/python3.11/site-packages/dagster/_core/execution/plan/utils.py", line 56, in op_execution_error_boundary
    yield
  File "/home/christiandata/socrata-backfill-datasets/.venv/lib/python3.11/site-packages/dagster/_utils/__init__.py", line 480, in iterate_with_context
    next_output = next(iterator)
                  ^^^^^^^^^^^^^^
  File "/home/christiandata/socrata-backfill-datasets/.venv/lib/python3.11/site-packages/dagster/_core/execution/plan/compute_generator.py", line 127, in _coerce_op_compute_fn_to_iterator
    result = invoke_compute_fn(
             ^^^^^^^^^^^^^^^^^^
  File "/home/christiandata/socrata-backfill-datasets/.venv/lib/python3.11/site-packages/dagster/_core/execution/plan/compute_generator.py", line 115, in invoke_compute_fn
    return fn(context, **args_to_pass) if context_arg_provided else fn(**args_to_pass)
           ^^^^^^^^^^^^^^^^^^^^^^^^^^^
  File "/home/christiandata/socrata-backfill-datasets/mta/assets/ingestion/mta_assets.py", line 320, in mta_subway_origin_destination_2024
    records = context.resources.socrata.fetch_data(endpoint, query_params)
              ^^^^^^^^^^^^^^^^^^^^^^^^^^^^^^^^^^^^^^^^^^^^^^^^^^^^^^^^^^^^
  File "/home/christiandata/socrata-backfill-datasets/mta/resources/socrata_resource.py", line 34, in fetch_data
    return resp.json()
           ^^^^^^^^^^^
  File "/home/christiandata/socrata-backfill-datasets/.venv/lib/python3.11/site-packages/requests/models.py", line 974, in json
    return complexjson.loads(self.text, **kwargs)
           ^^^^^^^^^^^^^^^^^^^^^^^^^^^^^^^^^^^^^^
  File "/home/christiandata/.local/share/uv/python/cpython-3.11.11-linux-x86_64-gnu/lib/python3.11/json/__init__.py", line 346, in loads
    return _default_decoder.decode(s)
           ^^^^^^^^^^^^^^^^^^^^^^^^^^
  File "/home/christiandata/.local/share/uv/python/cpython-3.11.11-linux-x86_64-gnu/lib/python3.11/json/decoder.py", line 337, in decode
    obj, end = self.raw_decode(s, idx=_w(s, 0).end())
               ^^^^^^^^^^^^^^^^^^^^^^^^^^^^^^^^^^^^^^
  File "/home/christiandata/.local/share/uv/python/cpython-3.11.11-linux-x86_64-gnu/lib/python3.11/json/decoder.py", line 353, in raw_decode
    obj, end = self.scan_once(s, idx)
               ^^^^^^^^^^^^^^^^^^^^^^
  File "/home/christiandata/socrata-backfill-datasets/.venv/lib/python3.11/site-packages/dagster/_utils/interrupts.py", line 83, in _new_signal_handler
    raise error_cls()
[0m
