[32m2025-03-02 16:30:48 -0500[0m - dagster - [34mDEBUG[0m - __ASSET_JOB - ef3791f9-93a5-4327-959b-4c3ae1f2f2f1 - 1634133 - LOGS_CAPTURED - Started capturing logs in process (pid: 1634133).
[32m2025-03-02 16:30:48 -0500[0m - dagster - [34mDEBUG[0m - __ASSET_JOB - ef3791f9-93a5-4327-959b-4c3ae1f2f2f1 - 1634133 - mta_subway_origin_destination_2023 - STEP_START - Started execution of step "mta_subway_origin_destination_2023".
[32m2025-03-02 16:31:20 -0500[0m - dagster - [34mINFO[0m - __ASSET_JOB - ef3791f9-93a5-4327-959b-4c3ae1f2f2f1 - mta_subway_origin_destination_2023 - Fetched 500000 rows => Writing chunk 1, offset=0
[32m2025-03-02 16:31:20 -0500[0m - dagster - [34mINFO[0m - __ASSET_JOB - ef3791f9-93a5-4327-959b-4c3ae1f2f2f1 - mta_subway_origin_destination_2023 - Writing batch 1 (500000 rows) to /home/christiandata/socrata-backfill-datasets/data/opendata/mta_subway_origin_destination_2023/year=2023/month=01/mta_subway_origin_destination_2023_202301_1.parquet
[32m2025-03-02 16:31:51 -0500[0m - dagster - [34mINFO[0m - __ASSET_JOB - ef3791f9-93a5-4327-959b-4c3ae1f2f2f1 - mta_subway_origin_destination_2023 - Fetched 500000 rows => Writing chunk 2, offset=500000
[32m2025-03-02 16:31:51 -0500[0m - dagster - [34mINFO[0m - __ASSET_JOB - ef3791f9-93a5-4327-959b-4c3ae1f2f2f1 - mta_subway_origin_destination_2023 - Writing batch 2 (500000 rows) to /home/christiandata/socrata-backfill-datasets/data/opendata/mta_subway_origin_destination_2023/year=2023/month=01/mta_subway_origin_destination_2023_202301_2.parquet
[32m2025-03-02 16:32:22 -0500[0m - dagster - [34mINFO[0m - __ASSET_JOB - ef3791f9-93a5-4327-959b-4c3ae1f2f2f1 - mta_subway_origin_destination_2023 - Fetched 500000 rows => Writing chunk 3, offset=1000000
[32m2025-03-02 16:32:22 -0500[0m - dagster - [34mINFO[0m - __ASSET_JOB - ef3791f9-93a5-4327-959b-4c3ae1f2f2f1 - mta_subway_origin_destination_2023 - Writing batch 3 (500000 rows) to /home/christiandata/socrata-backfill-datasets/data/opendata/mta_subway_origin_destination_2023/year=2023/month=01/mta_subway_origin_destination_2023_202301_3.parquet
[32m2025-03-02 16:32:57 -0500[0m - dagster - [34mINFO[0m - __ASSET_JOB - ef3791f9-93a5-4327-959b-4c3ae1f2f2f1 - mta_subway_origin_destination_2023 - Fetched 500000 rows => Writing chunk 4, offset=1500000
[32m2025-03-02 16:32:57 -0500[0m - dagster - [34mINFO[0m - __ASSET_JOB - ef3791f9-93a5-4327-959b-4c3ae1f2f2f1 - mta_subway_origin_destination_2023 - Writing batch 4 (500000 rows) to /home/christiandata/socrata-backfill-datasets/data/opendata/mta_subway_origin_destination_2023/year=2023/month=01/mta_subway_origin_destination_2023_202301_4.parquet
[32m2025-03-02 16:33:31 -0500[0m - dagster - [34mINFO[0m - __ASSET_JOB - ef3791f9-93a5-4327-959b-4c3ae1f2f2f1 - mta_subway_origin_destination_2023 - Fetched 500000 rows => Writing chunk 5, offset=2000000
[32m2025-03-02 16:33:31 -0500[0m - dagster - [34mINFO[0m - __ASSET_JOB - ef3791f9-93a5-4327-959b-4c3ae1f2f2f1 - mta_subway_origin_destination_2023 - Writing batch 5 (500000 rows) to /home/christiandata/socrata-backfill-datasets/data/opendata/mta_subway_origin_destination_2023/year=2023/month=01/mta_subway_origin_destination_2023_202301_5.parquet
[32m2025-03-02 16:34:04 -0500[0m - dagster - [34mINFO[0m - __ASSET_JOB - ef3791f9-93a5-4327-959b-4c3ae1f2f2f1 - mta_subway_origin_destination_2023 - Fetched 500000 rows => Writing chunk 6, offset=2500000
[32m2025-03-02 16:34:04 -0500[0m - dagster - [34mINFO[0m - __ASSET_JOB - ef3791f9-93a5-4327-959b-4c3ae1f2f2f1 - mta_subway_origin_destination_2023 - Writing batch 6 (500000 rows) to /home/christiandata/socrata-backfill-datasets/data/opendata/mta_subway_origin_destination_2023/year=2023/month=01/mta_subway_origin_destination_2023_202301_6.parquet
[32m2025-03-02 16:34:56 -0500[0m - dagster - [34mINFO[0m - __ASSET_JOB - ef3791f9-93a5-4327-959b-4c3ae1f2f2f1 - mta_subway_origin_destination_2023 - Fetched 500000 rows => Writing chunk 7, offset=3000000
[32m2025-03-02 16:34:56 -0500[0m - dagster - [34mINFO[0m - __ASSET_JOB - ef3791f9-93a5-4327-959b-4c3ae1f2f2f1 - mta_subway_origin_destination_2023 - Writing batch 7 (500000 rows) to /home/christiandata/socrata-backfill-datasets/data/opendata/mta_subway_origin_destination_2023/year=2023/month=01/mta_subway_origin_destination_2023_202301_7.parquet
[32m2025-03-02 16:35:47 -0500[0m - dagster - [34mINFO[0m - __ASSET_JOB - ef3791f9-93a5-4327-959b-4c3ae1f2f2f1 - mta_subway_origin_destination_2023 - Fetched 500000 rows => Writing chunk 8, offset=3500000
[32m2025-03-02 16:35:47 -0500[0m - dagster - [34mINFO[0m - __ASSET_JOB - ef3791f9-93a5-4327-959b-4c3ae1f2f2f1 - mta_subway_origin_destination_2023 - Writing batch 8 (500000 rows) to /home/christiandata/socrata-backfill-datasets/data/opendata/mta_subway_origin_destination_2023/year=2023/month=01/mta_subway_origin_destination_2023_202301_8.parquet
[32m2025-03-02 16:36:40 -0500[0m - dagster - [34mINFO[0m - __ASSET_JOB - ef3791f9-93a5-4327-959b-4c3ae1f2f2f1 - mta_subway_origin_destination_2023 - Fetched 500000 rows => Writing chunk 9, offset=4000000
[32m2025-03-02 16:36:40 -0500[0m - dagster - [34mINFO[0m - __ASSET_JOB - ef3791f9-93a5-4327-959b-4c3ae1f2f2f1 - mta_subway_origin_destination_2023 - Writing batch 9 (500000 rows) to /home/christiandata/socrata-backfill-datasets/data/opendata/mta_subway_origin_destination_2023/year=2023/month=01/mta_subway_origin_destination_2023_202301_9.parquet
[32m2025-03-02 16:37:14 -0500[0m - dagster - [34mINFO[0m - __ASSET_JOB - ef3791f9-93a5-4327-959b-4c3ae1f2f2f1 - mta_subway_origin_destination_2023 - Fetched 500000 rows => Writing chunk 10, offset=4500000
[32m2025-03-02 16:37:14 -0500[0m - dagster - [34mINFO[0m - __ASSET_JOB - ef3791f9-93a5-4327-959b-4c3ae1f2f2f1 - mta_subway_origin_destination_2023 - Writing batch 10 (500000 rows) to /home/christiandata/socrata-backfill-datasets/data/opendata/mta_subway_origin_destination_2023/year=2023/month=01/mta_subway_origin_destination_2023_202301_10.parquet
[32m2025-03-02 16:37:48 -0500[0m - dagster - [34mINFO[0m - __ASSET_JOB - ef3791f9-93a5-4327-959b-4c3ae1f2f2f1 - mta_subway_origin_destination_2023 - Fetched 500000 rows => Writing chunk 11, offset=5000000
[32m2025-03-02 16:37:48 -0500[0m - dagster - [34mINFO[0m - __ASSET_JOB - ef3791f9-93a5-4327-959b-4c3ae1f2f2f1 - mta_subway_origin_destination_2023 - Writing batch 11 (500000 rows) to /home/christiandata/socrata-backfill-datasets/data/opendata/mta_subway_origin_destination_2023/year=2023/month=01/mta_subway_origin_destination_2023_202301_11.parquet
[32m2025-03-02 16:38:41 -0500[0m - dagster - [34mINFO[0m - __ASSET_JOB - ef3791f9-93a5-4327-959b-4c3ae1f2f2f1 - mta_subway_origin_destination_2023 - Fetched 500000 rows => Writing chunk 12, offset=5500000
[32m2025-03-02 16:38:41 -0500[0m - dagster - [34mINFO[0m - __ASSET_JOB - ef3791f9-93a5-4327-959b-4c3ae1f2f2f1 - mta_subway_origin_destination_2023 - Writing batch 12 (500000 rows) to /home/christiandata/socrata-backfill-datasets/data/opendata/mta_subway_origin_destination_2023/year=2023/month=01/mta_subway_origin_destination_2023_202301_12.parquet
[32m2025-03-02 16:40:23 -0500[0m - dagster - [34mINFO[0m - __ASSET_JOB - ef3791f9-93a5-4327-959b-4c3ae1f2f2f1 - mta_subway_origin_destination_2023 - Fetched 500000 rows => Writing chunk 13, offset=6000000
[32m2025-03-02 16:40:23 -0500[0m - dagster - [34mINFO[0m - __ASSET_JOB - ef3791f9-93a5-4327-959b-4c3ae1f2f2f1 - mta_subway_origin_destination_2023 - Writing batch 13 (500000 rows) to /home/christiandata/socrata-backfill-datasets/data/opendata/mta_subway_origin_destination_2023/year=2023/month=01/mta_subway_origin_destination_2023_202301_13.parquet
[32m2025-03-02 16:41:56 -0500[0m - dagster - [34mINFO[0m - __ASSET_JOB - ef3791f9-93a5-4327-959b-4c3ae1f2f2f1 - mta_subway_origin_destination_2023 - Fetched 500000 rows => Writing chunk 14, offset=6500000
[32m2025-03-02 16:41:56 -0500[0m - dagster - [34mINFO[0m - __ASSET_JOB - ef3791f9-93a5-4327-959b-4c3ae1f2f2f1 - mta_subway_origin_destination_2023 - Writing batch 14 (500000 rows) to /home/christiandata/socrata-backfill-datasets/data/opendata/mta_subway_origin_destination_2023/year=2023/month=01/mta_subway_origin_destination_2023_202301_14.parquet
[32m2025-03-02 16:42:29 -0500[0m - dagster - [34mINFO[0m - __ASSET_JOB - ef3791f9-93a5-4327-959b-4c3ae1f2f2f1 - mta_subway_origin_destination_2023 - Fetched 500000 rows => Writing chunk 15, offset=7000000
[32m2025-03-02 16:42:29 -0500[0m - dagster - [34mINFO[0m - __ASSET_JOB - ef3791f9-93a5-4327-959b-4c3ae1f2f2f1 - mta_subway_origin_destination_2023 - Writing batch 15 (500000 rows) to /home/christiandata/socrata-backfill-datasets/data/opendata/mta_subway_origin_destination_2023/year=2023/month=01/mta_subway_origin_destination_2023_202301_15.parquet
[32m2025-03-02 16:43:27 -0500[0m - dagster - [34mINFO[0m - __ASSET_JOB - ef3791f9-93a5-4327-959b-4c3ae1f2f2f1 - mta_subway_origin_destination_2023 - Fetched 500000 rows => Writing chunk 16, offset=7500000
[32m2025-03-02 16:43:27 -0500[0m - dagster - [34mINFO[0m - __ASSET_JOB - ef3791f9-93a5-4327-959b-4c3ae1f2f2f1 - mta_subway_origin_destination_2023 - Writing batch 16 (500000 rows) to /home/christiandata/socrata-backfill-datasets/data/opendata/mta_subway_origin_destination_2023/year=2023/month=01/mta_subway_origin_destination_2023_202301_16.parquet
[32m2025-03-02 16:44:02 -0500[0m - dagster - [34mINFO[0m - __ASSET_JOB - ef3791f9-93a5-4327-959b-4c3ae1f2f2f1 - mta_subway_origin_destination_2023 - Fetched 500000 rows => Writing chunk 17, offset=8000000
[32m2025-03-02 16:44:02 -0500[0m - dagster - [34mINFO[0m - __ASSET_JOB - ef3791f9-93a5-4327-959b-4c3ae1f2f2f1 - mta_subway_origin_destination_2023 - Writing batch 17 (500000 rows) to /home/christiandata/socrata-backfill-datasets/data/opendata/mta_subway_origin_destination_2023/year=2023/month=01/mta_subway_origin_destination_2023_202301_17.parquet
[32m2025-03-02 16:45:26 -0500[0m - dagster - [34mINFO[0m - __ASSET_JOB - ef3791f9-93a5-4327-959b-4c3ae1f2f2f1 - mta_subway_origin_destination_2023 - Fetched 500000 rows => Writing chunk 18, offset=8500000
[32m2025-03-02 16:45:26 -0500[0m - dagster - [34mINFO[0m - __ASSET_JOB - ef3791f9-93a5-4327-959b-4c3ae1f2f2f1 - mta_subway_origin_destination_2023 - Writing batch 18 (500000 rows) to /home/christiandata/socrata-backfill-datasets/data/opendata/mta_subway_origin_destination_2023/year=2023/month=01/mta_subway_origin_destination_2023_202301_18.parquet
[32m2025-03-02 16:46:18 -0500[0m - dagster - [34mINFO[0m - __ASSET_JOB - ef3791f9-93a5-4327-959b-4c3ae1f2f2f1 - mta_subway_origin_destination_2023 - Fetched 375790 rows => Writing chunk 19, offset=9000000
[32m2025-03-02 16:46:18 -0500[0m - dagster - [34mINFO[0m - __ASSET_JOB - ef3791f9-93a5-4327-959b-4c3ae1f2f2f1 - mta_subway_origin_destination_2023 - Writing batch 19 (375790 rows) to /home/christiandata/socrata-backfill-datasets/data/opendata/mta_subway_origin_destination_2023/year=2023/month=01/mta_subway_origin_destination_2023_202301_19.parquet
[32m2025-03-02 16:46:22 -0500[0m - dagster - [34mINFO[0m - __ASSET_JOB - ef3791f9-93a5-4327-959b-4c3ae1f2f2f1 - mta_subway_origin_destination_2023 - No more data for mta_subway_origin_destination_2023 2023-01 offset=9500000.
[32m2025-03-02 16:47:12 -0500[0m - dagster - [34mINFO[0m - __ASSET_JOB - ef3791f9-93a5-4327-959b-4c3ae1f2f2f1 - mta_subway_origin_destination_2023 - Fetched 500000 rows => Writing chunk 1, offset=0
[32m2025-03-02 16:47:12 -0500[0m - dagster - [34mINFO[0m - __ASSET_JOB - ef3791f9-93a5-4327-959b-4c3ae1f2f2f1 - mta_subway_origin_destination_2023 - Writing batch 1 (500000 rows) to /home/christiandata/socrata-backfill-datasets/data/opendata/mta_subway_origin_destination_2023/year=2023/month=02/mta_subway_origin_destination_2023_202302_1.parquet
[32m2025-03-02 16:47:43 -0500[0m - dagster - [34mINFO[0m - __ASSET_JOB - ef3791f9-93a5-4327-959b-4c3ae1f2f2f1 - mta_subway_origin_destination_2023 - Fetched 500000 rows => Writing chunk 2, offset=500000
[32m2025-03-02 16:47:43 -0500[0m - dagster - [34mINFO[0m - __ASSET_JOB - ef3791f9-93a5-4327-959b-4c3ae1f2f2f1 - mta_subway_origin_destination_2023 - Writing batch 2 (500000 rows) to /home/christiandata/socrata-backfill-datasets/data/opendata/mta_subway_origin_destination_2023/year=2023/month=02/mta_subway_origin_destination_2023_202302_2.parquet
[32m2025-03-02 16:48:17 -0500[0m - dagster - [34mINFO[0m - __ASSET_JOB - ef3791f9-93a5-4327-959b-4c3ae1f2f2f1 - mta_subway_origin_destination_2023 - Fetched 500000 rows => Writing chunk 3, offset=1000000
[32m2025-03-02 16:48:17 -0500[0m - dagster - [34mINFO[0m - __ASSET_JOB - ef3791f9-93a5-4327-959b-4c3ae1f2f2f1 - mta_subway_origin_destination_2023 - Writing batch 3 (500000 rows) to /home/christiandata/socrata-backfill-datasets/data/opendata/mta_subway_origin_destination_2023/year=2023/month=02/mta_subway_origin_destination_2023_202302_3.parquet
[32m2025-03-02 16:48:46 -0500[0m - dagster - [34mINFO[0m - __ASSET_JOB - ef3791f9-93a5-4327-959b-4c3ae1f2f2f1 - mta_subway_origin_destination_2023 - Fetched 500000 rows => Writing chunk 4, offset=1500000
[32m2025-03-02 16:48:46 -0500[0m - dagster - [34mINFO[0m - __ASSET_JOB - ef3791f9-93a5-4327-959b-4c3ae1f2f2f1 - mta_subway_origin_destination_2023 - Writing batch 4 (500000 rows) to /home/christiandata/socrata-backfill-datasets/data/opendata/mta_subway_origin_destination_2023/year=2023/month=02/mta_subway_origin_destination_2023_202302_4.parquet
[32m2025-03-02 16:49:19 -0500[0m - dagster - [34mERROR[0m - [31m__ASSET_JOB - ef3791f9-93a5-4327-959b-4c3ae1f2f2f1 - 1634133 - mta_subway_origin_destination_2023 - STEP_FAILURE - Execution of step "mta_subway_origin_destination_2023" failed.

dagster._core.errors.DagsterExecutionInterruptedError

Stack Trace:
  File "/home/christiandata/socrata-backfill-datasets/.venv/lib/python3.11/site-packages/dagster/_core/execution/plan/execute_plan.py", line 245, in dagster_event_sequence_for_step
    yield from check.generator(step_events)
  File "/home/christiandata/socrata-backfill-datasets/.venv/lib/python3.11/site-packages/dagster/_core/execution/plan/execute_step.py", line 501, in core_dagster_event_sequence_for_step
    for user_event in _step_output_error_checked_user_event_sequence(
  File "/home/christiandata/socrata-backfill-datasets/.venv/lib/python3.11/site-packages/dagster/_core/execution/plan/execute_step.py", line 184, in _step_output_error_checked_user_event_sequence
    for user_event in user_event_sequence:
  File "/home/christiandata/socrata-backfill-datasets/.venv/lib/python3.11/site-packages/dagster/_core/execution/plan/execute_step.py", line 88, in _process_asset_results_to_events
    for user_event in user_event_sequence:
  File "/home/christiandata/socrata-backfill-datasets/.venv/lib/python3.11/site-packages/dagster/_core/execution/plan/compute.py", line 190, in execute_core_compute
    for step_output in _yield_compute_results(step_context, inputs, compute_fn, compute_context):
  File "/home/christiandata/socrata-backfill-datasets/.venv/lib/python3.11/site-packages/dagster/_core/execution/plan/compute.py", line 159, in _yield_compute_results
    for event in iterate_with_context(
  File "/home/christiandata/socrata-backfill-datasets/.venv/lib/python3.11/site-packages/dagster/_utils/__init__.py", line 480, in iterate_with_context
    next_output = next(iterator)
                  ^^^^^^^^^^^^^^
  File "/home/christiandata/socrata-backfill-datasets/.venv/lib/python3.11/site-packages/dagster/_core/execution/plan/compute_generator.py", line 127, in _coerce_op_compute_fn_to_iterator
    result = invoke_compute_fn(
             ^^^^^^^^^^^^^^^^^^
  File "/home/christiandata/socrata-backfill-datasets/.venv/lib/python3.11/site-packages/dagster/_core/execution/plan/compute_generator.py", line 115, in invoke_compute_fn
    return fn(context, **args_to_pass) if context_arg_provided else fn(**args_to_pass)
           ^^^^^^^^^^^^^^^^^^^^^^^^^^^
  File "/home/christiandata/socrata-backfill-datasets/mta/assets/ingestion/mta_assets.py", line 220, in mta_subway_origin_destination_2023
    df = pl.DataFrame(records)
         ^^^^^^^^^^^^^^^^^^^^^
  File "/home/christiandata/socrata-backfill-datasets/.venv/lib/python3.11/site-packages/polars/dataframe/frame.py", line 365, in __init__
    self._df = sequence_to_pydf(
               ^^^^^^^^^^^^^^^^^
  File "/home/christiandata/socrata-backfill-datasets/.venv/lib/python3.11/site-packages/polars/_utils/construction/dataframe.py", line 460, in sequence_to_pydf
    return _sequence_to_pydf_dispatcher(
           ^^^^^^^^^^^^^^^^^^^^^^^^^^^^^
  File "/home/christiandata/.local/share/uv/python/cpython-3.11.11-linux-x86_64-gnu/lib/python3.11/functools.py", line 909, in wrapper
    return dispatch(args[0].__class__)(*args, **kw)
           ^^^^^^^^^^^^^^^^^^^^^^^^^^^^^^^^^^^^^^^^
  File "/home/christiandata/socrata-backfill-datasets/.venv/lib/python3.11/site-packages/polars/_utils/construction/dataframe.py", line 704, in _sequence_of_dict_to_pydf
    pydf = PyDataFrame.from_dicts(
           ^^^^^^^^^^^^^^^^^^^^^^^
  File "/home/christiandata/socrata-backfill-datasets/.venv/lib/python3.11/site-packages/polars/series/series.py", line 289, in __init__
    self._s = sequence_to_pyseries(
              ^^^^^^^^^^^^^^^^^^^^^
  File "/home/christiandata/socrata-backfill-datasets/.venv/lib/python3.11/site-packages/polars/_utils/construction/series.py", line 74, in sequence_to_pyseries
    def sequence_to_pyseries(
    
  File "/home/christiandata/socrata-backfill-datasets/.venv/lib/python3.11/site-packages/dagster/_utils/interrupts.py", line 83, in _new_signal_handler
    raise error_cls()
[0m
